
Gurobi 7.0.2 (mac64, Python) logging started Sun Sep 23 01:46:45 2018

Optimize a model with 2 rows, 6 columns and 11 nonzeros
Model has 15 quadratic objective terms
Model has 1 quadratic constraint
Coefficient statistics:
  Matrix range     [4e-03, 1e+00]
  QMatrix range    [1e+00, 1e+00]
  Objective range  [1e+00, 1e+00]
  QObjective range [9e-08, 4e-06]
  Bounds range     [1e+00, 1e+00]
  RHS range        [4e-03, 1e+00]
Optimize a model with 2 rows, 6 columns and 11 nonzeros
Model has 15 quadratic objective terms
Model has 1 quadratic constraint
Coefficient statistics:
  Matrix range     [4e-03, 1e+00]
  QMatrix range    [1e+00, 1e+00]
  Objective range  [1e+00, 1e+00]
  QObjective range [4e-07, 4e-06]
  Bounds range     [1e+00, 1e+00]
  RHS range        [4e-03, 1e+00]
Presolve time: 0.02s

Barrier solved model in 0 iterations and 0.02 seconds
Model is infeasible
Optimize a model with 2 rows, 6 columns and 11 nonzeros
Model has 15 quadratic objective terms
Model has 1 quadratic constraint
Coefficient statistics:
  Matrix range     [4e-03, 1e+00]
  QMatrix range    [1e+00, 1e+00]
  Objective range  [1e+00, 1e+00]
  QObjective range [2e-07, 5e-06]
  Bounds range     [1e+00, 1e+00]
  RHS range        [4e-03, 1e+00]
Presolve time: 0.02s

Barrier solved model in 0 iterations and 0.02 seconds
Model is infeasible
Optimize a model with 2 rows, 6 columns and 11 nonzeros
Model has 15 quadratic objective terms
Model has 1 quadratic constraint
Coefficient statistics:
  Matrix range     [3e-03, 1e+00]
  QMatrix range    [1e+00, 1e+00]
  Objective range  [1e+00, 1e+00]
  QObjective range [8e-08, 6e-06]
  Bounds range     [1e+00, 1e+00]
  RHS range        [4e-03, 1e+00]
Presolve time: 0.02s

Barrier solved model in 0 iterations and 0.02 seconds
Model is infeasible
Optimize a model with 2 rows, 6 columns and 11 nonzeros
Model has 15 quadratic objective terms
Model has 1 quadratic constraint
Coefficient statistics:
  Matrix range     [3e-03, 1e+00]
  QMatrix range    [1e+00, 1e+00]
  Objective range  [1e+00, 1e+00]
  QObjective range [4e-08, 6e-06]
  Bounds range     [1e+00, 1e+00]
  RHS range        [4e-03, 1e+00]
Presolve time: 0.02s

Barrier solved model in 0 iterations and 0.02 seconds
Model is infeasible
Optimize a model with 2 rows, 6 columns and 11 nonzeros
Model has 15 quadratic objective terms
Model has 1 quadratic constraint
Coefficient statistics:
  Matrix range     [4e-03, 1e+00]
  QMatrix range    [1e+00, 1e+00]
  Objective range  [1e+00, 1e+00]
  QObjective range [5e-08, 2e-06]
  Bounds range     [1e+00, 1e+00]
  RHS range        [1e-05, 1e+00]
Presolve time: 0.02s

Barrier solved model in 0 iterations and 0.03 seconds
Model is infeasible
Optimize a model with 2 rows, 6 columns and 11 nonzeros
Model has 15 quadratic objective terms
Coefficient statistics:
  Matrix range     [3e-03, 1e+00]
  Objective range  [1e+00, 1e+00]
  QObjective range [2e-07, 5e-06]
  Bounds range     [1e+00, 1e+00]
  RHS range        [1e-05, 1e+00]
Presolve removed 0 rows and 1 columns
Presolve time: 0.02s
Presolved: 2 rows, 5 columns, 10 nonzeros
Presolved model has 15 quadratic objective terms
Ordering time: 0.00s

Barrier statistics:
 Free vars  : 4
 AA' NZ     : 1.500e+01
 Factor NZ  : 2.100e+01
 Factor Ops : 9.100e+01 (less than 1 second per iteration)
 Threads    : 1

                  Objective                Residual
Iter       Primal          Dual         Primal    Dual     Compl     Time
   0   1.54305465e+05 -1.54305465e+05  3.50e+03 1.13e-07  2.98e+05     0s
   1   1.66448286e+03 -1.66883750e+03  3.26e+02 1.05e-08  2.79e+04     0s
   2   1.29268483e-03 -4.99417044e+00  6.38e-01 2.07e-11  5.53e+01     0s
   3   2.63933095e-07 -4.88303684e+00  6.38e-07 2.09e-17  4.44e-01     0s
   4   2.63901012e-07 -4.88705714e-03  6.38e-13 8.33e-14  4.44e-04     0s
   5   2.63739093e-07 -5.94341007e-06  1.74e-16 8.89e-18  5.64e-07     0s
   6   1.66470025e-07 -1.86000799e-07  5.20e-18 1.76e-19  3.20e-08     0s
   7   1.29210537e-07  1.07102912e-07  3.42e-18 5.42e-20  2.01e-09     0s
   8   1.22549929e-07  1.20585327e-07  3.47e-18 5.42e-20  1.79e-10     0s

Barrier solved model in 8 iterations and 0.04 seconds
Optimal objective 1.22549929e-07

Optimize a model with 2 rows, 6 columns and 11 nonzeros
Model has 15 quadratic objective terms
Coefficient statistics:
  Matrix range     [4e-03, 1e+00]
  Objective range  [1e+00, 1e+00]
  QObjective range [5e-07, 4e-06]
  Bounds range     [1e+00, 1e+00]
  RHS range        [1e-05, 1e+00]
Presolve removed 0 rows and 1 columns
Presolve time: 0.01s
Presolved: 2 rows, 5 columns, 10 nonzeros
Presolved model has 15 quadratic objective terms
Ordering time: 0.00s

Barrier statistics:
 Free vars  : 4
 AA' NZ     : 1.500e+01
 Factor NZ  : 2.100e+01
 Factor Ops : 9.100e+01 (less than 1 second per iteration)
 Threads    : 1

                  Objective                Residual
Iter       Primal          Dual         Primal    Dual     Compl     Time
   0   2.10975933e+05 -2.10975933e+05  5.00e+03 1.02e-09  2.98e+05     0s
   1   1.74752505e+02 -1.76353953e+02  7.31e+01 1.49e-11  4.37e+03     0s
   2   1.82393471e-04 -1.62441555e+00  7.30e-02 1.46e-14  4.52e+00     0s
   3   2.23842811e-07 -1.50342578e+00  7.30e-08 1.90e-19  1.37e-01     0s
   4   2.23842915e-07 -1.50465903e-03  7.30e-14 1.09e-13  1.37e-04     0s
   5   2.23689167e-07 -1.70629371e-06  1.99e-17 1.63e-16  1.75e-07     0s
   6   1.95943281e-07  1.50051266e-07  8.67e-19 1.41e-18  4.17e-09     0s
   7   1.85669570e-07  1.83741319e-07  2.17e-19 5.42e-20  1.75e-10     0s

Barrier solved model in 7 iterations and 0.04 seconds
Optimal objective 1.85669570e-07

Optimize a model with 2 rows, 6 columns and 11 nonzeros
Model has 15 quadratic objective terms
Coefficient statistics:
  Matrix range     [1e-05, 1e+00]
  Objective range  [1e-05, 1e-05]
  QObjective range [2e-08, 5e-06]
  Bounds range     [1e+00, 1e+00]
  RHS range        [1e-05, 1e+00]
Presolve removed 0 rows and 1 columns
Presolve time: 0.01s
Presolved: 2 rows, 5 columns, 10 nonzeros
Presolved model has 15 quadratic objective terms
Ordering time: 0.00s

Barrier statistics:
 Free vars  : 4
 AA' NZ     : 1.500e+01
 Factor NZ  : 2.100e+01
 Factor Ops : 9.100e+01 (less than 1 second per iteration)
 Threads    : 1

                  Objective                Residual
Iter       Primal          Dual         Primal    Dual     Compl     Time
   0   2.03242565e+05 -2.03242565e+05  4.00e+03 8.19e-10  2.98e+05     0s
   1   6.17385197e+03 -6.17554444e+03  1.92e+02 3.93e-11  1.52e+04     0s
   2   9.81900113e-02 -2.05682286e+00  6.21e-01 1.29e-13  4.97e+01     0s
   3   1.01390683e-06 -1.94424505e+00  6.21e-07 3.28e-18  1.77e-01     0s
   4   1.01331134e-06 -1.94749959e-03  1.54e-12 8.05e-14  1.77e-04     0s
   5   1.00917935e-06 -5.09411706e-06  3.28e-15 1.03e-16  5.55e-07     0s
   6   3.08699629e-07 -8.01508025e-07  4.34e-19 2.17e-19  1.01e-07     0s
   7   1.17405688e-07 -9.02478282e-08  4.34e-19 5.42e-20  1.89e-08     0s
   8   8.76847016e-08  6.87070580e-08  4.34e-19 2.71e-20  1.73e-09     0s
   9   8.66600546e-08  8.62243192e-08  4.34e-19 2.71e-20  3.96e-11     0s

Barrier solved model in 9 iterations and 0.04 seconds
Optimal objective 8.66600546e-08

Optimize a model with 2 rows, 6 columns and 11 nonzeros
Model has 15 quadratic objective terms
Model has 1 quadratic constraint
Coefficient statistics:
  Matrix range     [1e-05, 1e+00]
  QMatrix range    [1e+00, 1e+00]
  Objective range  [1e-05, 1e-05]
  QObjective range [2e-07, 3e-06]
  Bounds range     [1e+00, 1e+00]
  RHS range        [1e-05, 1e+00]
Presolve time: 0.02s
Presolved: 18 rows, 13 columns, 43 nonzeros
Presolved model has 2 second-order cone constraints
Ordering time: 0.00s

Barrier statistics:
 AA' NZ     : 1.410e+02
 Factor NZ  : 1.710e+02
 Factor Ops : 2.109e+03 (less than 1 second per iteration)
 Threads    : 1

                  Objective                Residual
Iter       Primal          Dual         Primal    Dual     Compl     Time
   0   1.27967187e-05  6.90833324e-09  7.99e-01 1.00e-01  1.01e-01     0s
   1   1.68844163e-04 -2.44625112e-01  5.36e-04 8.32e-05  1.03e-02     0s
   2   1.04858736e-05 -3.04848130e-04  5.87e-07 1.05e-07  1.32e-05     0s
   3   5.82408652e-06  2.32274041e-06  1.42e-11 6.64e-10  1.46e-07     0s
   4   4.62896531e-06  4.50974884e-06  1.40e-08 8.29e-11  5.26e-09     0s

Barrier solved model in 4 iterations and 0.03 seconds
Optimal objective 4.62896531e-06

Optimize a model with 2 rows, 6 columns and 11 nonzeros
Model has 15 quadratic objective terms
Model has 1 quadratic constraint
Coefficient statistics:
  Matrix range     [1e-05, 1e+00]
  QMatrix range    [1e+00, 1e+00]
  Objective range  [1e-05, 1e-05]
  QObjective range [1e-07, 3e-06]
  Bounds range     [1e+00, 1e+00]
  RHS range        [1e-05, 1e+00]
Presolve time: 0.02s
Presolved: 18 rows, 13 columns, 43 nonzeros
Presolved model has 2 second-order cone constraints
Ordering time: 0.00s

Barrier statistics:
 AA' NZ     : 1.410e+02
 Factor NZ  : 1.710e+02
 Factor Ops : 2.109e+03 (less than 1 second per iteration)
 Threads    : 1

                  Objective                Residual
Iter       Primal          Dual         Primal    Dual     Compl     Time
   0   1.27779161e-05  6.16276985e-09  7.97e-01 1.00e-01  1.00e-01     0s
   1   2.28155616e-04 -2.45051450e-01  4.04e-04 7.79e-05  1.03e-02     0s
   2   1.06460583e-05 -4.37393402e-04  4.36e-07 1.03e-07  1.87e-05     0s
   3   5.82474449e-06  2.91921484e-06  4.46e-10 3.42e-10  1.21e-07     0s
   4   4.69580869e-06  4.50058140e-06  4.23e-09 2.53e-11  8.23e-09     0s

Barrier solved model in 4 iterations and 0.04 seconds
Optimal objective 4.69580869e-06

Optimize a model with 2 rows, 6 columns and 11 nonzeros
Model has 15 quadratic objective terms
Model has 1 quadratic constraint
Coefficient statistics:
  Matrix range     [1e-05, 1e+00]
  QMatrix range    [1e+00, 1e+00]
  Objective range  [0e+00, 0e+00]
  QObjective range [4e-07, 6e-06]
  Bounds range     [1e+00, 1e+00]
  RHS range        [1e-05, 1e+00]
Presolve time: 0.02s
Presolved: 18 rows, 13 columns, 43 nonzeros
Presolved model has 2 second-order cone constraints
Ordering time: 0.00s

Barrier statistics:
 AA' NZ     : 1.410e+02
 Factor NZ  : 1.710e+02
 Factor Ops : 2.109e+03 (less than 1 second per iteration)
 Threads    : 1

                  Objective                Residual
Iter       Primal          Dual         Primal    Dual     Compl     Time
   0   0.00000000e+00  0.00000000e+00  8.02e-01 1.00e-01  1.01e-01     0s
   1   2.08818873e-04 -2.47189122e-01  4.24e-04 8.42e-05  1.04e-02     0s
   2   5.27253498e-07 -2.72766447e-04  4.53e-07 9.27e-08  1.14e-05     0s
   3   2.89979699e-07 -1.17155067e-06  1.10e-10 3.73e-10  6.10e-08     0s

Barrier solved model in 3 iterations and 0.07 seconds
Optimal objective 2.89979699e-07

Optimize a model with 2 rows, 6 columns and 11 nonzeros
Model has 15 quadratic objective terms
Model has 1 quadratic constraint
Coefficient statistics:
  Matrix range     [1e-05, 1e+00]
  QMatrix range    [1e+00, 1e+00]
  Objective range  [0e+00, 0e+00]
  QObjective range [1e-08, 5e-06]
  Bounds range     [1e+00, 1e+00]
  RHS range        [1e-05, 1e+00]
Presolve time: 0.01s
Presolved: 18 rows, 13 columns, 43 nonzeros
Presolved model has 2 second-order cone constraints
Ordering time: 0.00s

Barrier statistics:
 AA' NZ     : 1.410e+02
 Factor NZ  : 1.710e+02
 Factor Ops : 2.109e+03 (less than 1 second per iteration)
 Threads    : 1

                  Objective                Residual
Iter       Primal          Dual         Primal    Dual     Compl     Time
   0   0.00000000e+00  0.00000000e+00  8.02e-01 1.00e-01  1.01e-01     0s
   1   2.07280559e-04 -2.46035110e-01  4.26e-04 8.85e-05  1.03e-02     0s
   2   4.18216370e-07 -2.71522584e-04  4.62e-07 9.74e-08  1.14e-05     0s
   3   1.84613674e-07 -1.33863071e-06  2.66e-10 4.12e-10  6.36e-08     0s
   4   9.61043248e-08 -4.72278238e-07  4.28e-09 1.39e-10  2.37e-08     0s

Barrier solved model in 4 iterations and 0.04 seconds
Optimal objective 9.61043248e-08

Optimize a model with 2 rows, 6 columns and 11 nonzeros
Model has 15 quadratic objective terms
Model has 1 quadratic constraint
Coefficient statistics:
  Matrix range     [1e-05, 1e+00]
  QMatrix range    [1e+00, 1e+00]
  Objective range  [0e+00, 0e+00]
  QObjective range [7e-08, 8e-06]
  Bounds range     [1e+00, 1e+00]
  RHS range        [1e-05, 1e+00]
Presolve time: 0.01s
Presolved: 18 rows, 13 columns, 43 nonzeros
Presolved model has 2 second-order cone constraints
Ordering time: 0.00s

Barrier statistics:
 AA' NZ     : 1.410e+02
 Factor NZ  : 1.710e+02
 Factor Ops : 2.109e+03 (less than 1 second per iteration)
 Threads    : 1

                  Objective                Residual
Iter       Primal          Dual         Primal    Dual     Compl     Time
   0   0.00000000e+00  0.00000000e+00  8.01e-01 1.00e-01  1.01e-01     0s
   1   2.72448385e-04 -2.47750015e-01  2.83e-04 6.66e-05  1.04e-02     0s
   2   8.71397191e-07 -2.74167467e-04  2.92e-07 7.37e-08  1.15e-05     0s
   3   5.46873919e-07 -2.27713733e-06  2.06e-11 5.95e-10  1.18e-07     0s
   4   4.19614298e-07 -1.34611686e-06  3.30e-09 3.67e-10  7.37e-08     0s
   5   5.69933829e-07 -3.35968347e-07  5.27e-09 1.37e-10  3.77e-08     0s

Barrier solved model in 5 iterations and 0.06 seconds
Optimal objective 5.69933829e-07

Optimize a model with 2 rows, 6 columns and 11 nonzeros
Model has 15 quadratic objective terms
Model has 1 quadratic constraint
Coefficient statistics:
  Matrix range     [1e-05, 1e+00]
  QMatrix range    [1e+00, 1e+00]
  Objective range  [1e-05, 1e-05]
  QObjective range [1e-07, 6e-06]
  Bounds range     [1e+00, 1e+00]
  RHS range        [1e-05, 1e+00]
Presolve time: 0.02s
Presolved: 18 rows, 13 columns, 43 nonzeros
Presolved model has 2 second-order cone constraints
Ordering time: 0.00s

Barrier statistics:
 AA' NZ     : 1.410e+02
 Factor NZ  : 1.710e+02
 Factor Ops : 2.109e+03 (less than 1 second per iteration)
 Threads    : 1

                  Objective                Residual
Iter       Primal          Dual         Primal    Dual     Compl     Time
   0   1.29697970e-05  2.43147470e-08  8.16e-01 1.00e-01  1.04e-01     0s
   1   3.02090477e-04 -2.51151628e-01  2.62e-04 4.95e-05  1.05e-02     0s
   2   1.06620976e-05 -4.26524973e-04  2.83e-07 6.16e-08  1.82e-05     0s
   3   5.65994529e-06  2.18517472e-06  2.87e-10 3.13e-10  1.45e-07     0s
   4   4.67872957e-06  4.56389960e-06  9.22e-10 2.14e-10  4.77e-09     0s

Barrier solved model in 4 iterations and 0.04 seconds
Optimal objective 4.67872957e-06

Optimize a model with 2 rows, 6 columns and 11 nonzeros
Model has 15 quadratic objective terms
Model has 1 quadratic constraint
Coefficient statistics:
  Matrix range     [1e-05, 1e+00]
  QMatrix range    [1e+00, 1e+00]
  Objective range  [1e-05, 1e-05]
  QObjective range [3e-07, 7e-06]
  Bounds range     [1e+00, 1e+00]
  RHS range        [1e-05, 1e+00]
Presolve time: 0.02s
Presolved: 18 rows, 13 columns, 43 nonzeros
Presolved model has 2 second-order cone constraints
Ordering time: 0.00s

Barrier statistics:
 AA' NZ     : 1.410e+02
 Factor NZ  : 1.710e+02
 Factor Ops : 2.109e+03 (less than 1 second per iteration)
 Threads    : 1

                  Objective                Residual
Iter       Primal          Dual         Primal    Dual     Compl     Time
   0   1.28116684e-05  6.74269718e-09  8.00e-01 1.00e-01  1.01e-01     0s
   1   3.64748312e-04 -2.48950784e-01  1.07e-04 6.19e-05  1.04e-02     0s
   2   1.08937124e-05 -5.49591649e-04  1.10e-07 7.81e-08  2.34e-05     0s
   3   6.04697486e-06  1.55439802e-06  1.17e-11 4.45e-10  1.87e-07     0s
   4   5.40448567e-06  4.79598005e-06  1.57e-09 2.54e-11  2.53e-08     0s

Barrier solved model in 4 iterations and 0.06 seconds
Optimal objective 5.40448567e-06

Optimize a model with 2 rows, 11 columns and 21 nonzeros
Model has 55 quadratic objective terms
Model has 1 quadratic constraint
Coefficient statistics:
  Matrix range     [1e-05, 1e+00]
  QMatrix range    [1e+00, 1e+00]
  Objective range  [1e-05, 1e-05]
  QObjective range [3e-09, 3e-06]
  Bounds range     [1e+00, 1e+00]
  RHS range        [1e-05, 1e+00]
Presolve time: 0.01s
Presolved: 33 rows, 23 columns, 108 nonzeros
Presolved model has 2 second-order cone constraints
Ordering time: 0.00s

Barrier statistics:
 AA' NZ     : 5.060e+02
 Factor NZ  : 5.610e+02
 Factor Ops : 1.253e+04 (less than 1 second per iteration)
 Threads    : 1

                  Objective                Residual
Iter       Primal          Dual         Primal    Dual     Compl     Time
   0   9.83618894e-06  6.48900322e-09  5.57e-01 1.00e-01  7.71e-02     0s
   1   1.49967658e-04 -3.37561568e-01  3.05e-04 6.28e-05  7.71e-03     0s
   2   7.72652459e-06 -5.90822953e-04  3.29e-07 7.96e-08  1.36e-05     0s
   3   4.20031954e-06  2.34299704e-06  3.30e-10 9.33e-11  4.22e-08     0s
   4   3.33085679e-06  3.30964016e-06  1.12e-08 1.56e-11  3.56e-10     0s

Barrier solved model in 4 iterations and 0.03 seconds
Optimal objective 3.33085679e-06

Optimize a model with 2 rows, 4001 columns and 8001 nonzeros
Model has 8001995 quadratic objective terms
Model has 1 quadratic constraint
Coefficient statistics:
  Matrix range     [1e-05, 1e+00]
  QMatrix range    [1e+00, 1e+00]
  Objective range  [1e-05, 1e-05]
  QObjective range [2e-13, 4e-06]
  Bounds range     [1e+00, 1e+00]
  RHS range        [1e-05, 1e+00]
Presolve time: 2.67s
Presolved: 9002 rows, 5002 columns, 3514501 nonzeros
Presolved model has 2 second-order cone constraints
Ordering time: 0.04s

Barrier statistics:
 Dense cols : 3716
 AA' NZ     : 3.606e+06
 Factor NZ  : 1.052e+07 (roughly 100 MBytes of memory)
 Factor Ops : 2.951e+10 (roughly 30 seconds per iteration)
 Threads    : 2

                  Objective                Residual
Iter       Primal          Dual         Primal    Dual     Compl     Time
   0   3.75077073e-06  6.33226599e-09  1.23e-01 1.00e-01  5.36e-02   349s
   1   1.69336758e-04 -2.81594057e+01  1.40e-04 1.12e-03  2.52e-03   653s
   2   3.83431352e-06 -9.52000853e-02  1.54e-07 1.35e-06  7.74e-06   964s
   3   1.76363552e-07 -2.06155892e-04  2.70e-07 1.50e-09  1.63e-08  1280s
   4   2.09842667e-07 -3.90239897e-07  1.31e-08 6.85e-12  4.69e-11  1592s

Barrier solved model in 4 iterations and 1591.80 seconds
Optimal objective 2.09842667e-07

Optimize a model with 2 rows, 7 columns and 13 nonzeros
Model has 21 quadratic objective terms
Model has 1 quadratic constraint
Coefficient statistics:
  Matrix range     [1e-05, 1e+00]
  QMatrix range    [1e+00, 1e+00]
  Objective range  [1e-05, 1e-05]
  QObjective range [1e-08, 9e-05]
  Bounds range     [1e+00, 1e+00]
  RHS range        [1e-05, 1e+00]
Presolve time: 0.01s
Presolved: 20 rows, 14 columns, 50 nonzeros
Presolved model has 2 second-order cone constraints
Ordering time: 0.00s

Barrier statistics:
 Dense cols : 1
 AA' NZ     : 1.110e+02
 Factor NZ  : 2.310e+02
 Factor Ops : 3.311e+03 (less than 1 second per iteration)
 Threads    : 1

                  Objective                Residual
Iter       Primal          Dual         Primal    Dual     Compl     Time
   0   1.19448761e-05  7.60397862e-08  7.28e-01 1.00e-01  9.59e-02     0s
   1   3.77593714e-04 -2.63056872e-01  7.82e-06 1.10e-07  9.76e-03     0s
   2   1.72713037e-05 -4.22037077e-04  2.33e-09 1.31e-10  1.63e-05     0s
   3   8.79842154e-06 -1.70028910e-05  1.27e-10 7.01e-12  9.56e-07     0s
   4   1.26043864e-05  6.00798357e-07  7.80e-09 5.76e-12  4.45e-07     0s
   5   6.51407597e-06  5.06060980e-06  6.15e-11 7.77e-15  5.38e-08     0s

Barrier solved model in 5 iterations and 0.02 seconds
Optimal objective 6.51407597e-06

Optimize a model with 2 rows, 7 columns and 13 nonzeros
Model has 21 quadratic objective terms
Model has 1 quadratic constraint
Coefficient statistics:
  Matrix range     [1e-05, 1e+00]
  QMatrix range    [1e+00, 1e+00]
  Objective range  [1e-05, 1e-05]
  QObjective range [1e-08, 9e-05]
  Bounds range     [1e+00, 1e+00]
  RHS range        [1e-05, 1e+00]
Presolve time: 0.01s
Presolved: 20 rows, 14 columns, 50 nonzeros
Presolved model has 2 second-order cone constraints
Ordering time: 0.00s

Barrier statistics:
 Dense cols : 1
 AA' NZ     : 1.110e+02
 Factor NZ  : 2.310e+02
 Factor Ops : 3.311e+03 (less than 1 second per iteration)
 Threads    : 1

                  Objective                Residual
Iter       Primal          Dual         Primal    Dual     Compl     Time
   0   1.19448761e-05  7.60397862e-08  7.28e-01 1.00e-01  9.59e-02     0s
   1   3.77593714e-04 -2.63056872e-01  7.82e-06 1.10e-07  9.76e-03     0s
   2   1.72713037e-05 -4.22037077e-04  2.33e-09 1.31e-10  1.63e-05     0s
   3   8.79842154e-06 -1.70028910e-05  1.27e-10 7.01e-12  9.56e-07     0s
   4   1.26043864e-05  6.00798357e-07  7.80e-09 5.76e-12  4.45e-07     0s
   5   6.51407597e-06  5.06060980e-06  6.15e-11 7.77e-15  5.38e-08     0s

Barrier solved model in 5 iterations and 0.03 seconds
Optimal objective 6.51407597e-06

Optimize a model with 2 rows, 7 columns and 13 nonzeros
Model has 21 quadratic objective terms
Model has 1 quadratic constraint
Coefficient statistics:
  Matrix range     [1e-05, 1e+00]
  QMatrix range    [1e+00, 1e+00]
  Objective range  [1e-05, 1e-05]
  QObjective range [1e-08, 9e-05]
  Bounds range     [1e+00, 1e+00]
  RHS range        [1e-05, 1e+00]
Presolve time: 0.01s
Presolved: 20 rows, 14 columns, 50 nonzeros
Presolved model has 2 second-order cone constraints
Ordering time: 0.00s

Barrier statistics:
 Dense cols : 1
 AA' NZ     : 1.110e+02
 Factor NZ  : 2.310e+02
 Factor Ops : 3.311e+03 (less than 1 second per iteration)
 Threads    : 1

                  Objective                Residual
Iter       Primal          Dual         Primal    Dual     Compl     Time
   0   1.19448761e-05  7.60397862e-08  7.28e-01 1.00e-01  9.59e-02     0s
   1   3.77593714e-04 -2.63056872e-01  7.82e-06 1.10e-07  9.76e-03     0s
   2   1.72713037e-05 -4.22037077e-04  2.33e-09 1.31e-10  1.63e-05     0s
   3   8.79842154e-06 -1.70028910e-05  1.27e-10 7.01e-12  9.56e-07     0s
   4   1.26043864e-05  6.00798357e-07  7.80e-09 5.76e-12  4.45e-07     0s
   5   6.51407597e-06  5.06060980e-06  6.15e-11 7.77e-15  5.38e-08     0s

Barrier solved model in 5 iterations and 0.02 seconds
Optimal objective 6.51407597e-06

Optimize a model with 2 rows, 7 columns and 13 nonzeros
Model has 21 quadratic objective terms
Model has 1 quadratic constraint
Coefficient statistics:
  Matrix range     [1e-05, 1e+00]
  QMatrix range    [1e+00, 1e+00]
  Objective range  [1e-05, 1e-05]
  QObjective range [1e-08, 9e-05]
  Bounds range     [1e+00, 1e+00]
  RHS range        [1e-05, 1e+00]
Presolve time: 0.01s
Presolved: 20 rows, 14 columns, 50 nonzeros
Presolved model has 2 second-order cone constraints
Ordering time: 0.00s

Barrier statistics:
 Dense cols : 1
 AA' NZ     : 1.110e+02
 Factor NZ  : 2.310e+02
 Factor Ops : 3.311e+03 (less than 1 second per iteration)
 Threads    : 1

                  Objective                Residual
Iter       Primal          Dual         Primal    Dual     Compl     Time
   0   1.19448761e-05  7.60397862e-08  7.28e-01 1.00e-01  9.59e-02     0s
   1   3.77593714e-04 -2.63056872e-01  7.82e-06 1.10e-07  9.76e-03     0s
   2   1.72713037e-05 -4.22037077e-04  2.33e-09 1.31e-10  1.63e-05     0s
   3   8.79842154e-06 -1.70028910e-05  1.27e-10 7.01e-12  9.56e-07     0s
   4   1.26043864e-05  6.00798357e-07  7.80e-09 5.76e-12  4.45e-07     0s
   5   6.51407597e-06  5.06060980e-06  6.15e-11 7.77e-15  5.38e-08     0s

Barrier solved model in 5 iterations and 0.02 seconds
Optimal objective 6.51407597e-06

Optimize a model with 2 rows, 6 columns and 11 nonzeros
Model has 15 quadratic objective terms
Model has 1 quadratic constraint
Coefficient statistics:
  Matrix range     [1e-05, 1e+00]
  QMatrix range    [1e+00, 1e+00]
  Objective range  [1e-05, 1e-05]
  QObjective range [1e-08, 6e-05]
  Bounds range     [1e+00, 1e+00]
  RHS range        [1e-05, 1e+00]
Presolve time: 0.01s
Presolved: 18 rows, 13 columns, 43 nonzeros
Presolved model has 2 second-order cone constraints
Ordering time: 0.00s

Barrier statistics:
 AA' NZ     : 1.410e+02
 Factor NZ  : 1.710e+02
 Factor Ops : 2.109e+03 (less than 1 second per iteration)
 Threads    : 1

                  Objective                Residual
Iter       Primal          Dual         Primal    Dual     Compl     Time
   0   1.28137654e-05  8.18222179e-08  8.00e-01 1.00e-01  1.00e-01     0s
   1   3.80056214e-04 -2.41641338e-01  8.21e-05 1.10e-07  1.01e-02     0s
   2   1.75297294e-05 -3.83636399e-04  3.62e-08 1.30e-10  1.67e-05     0s
   3   8.60582190e-06 -1.19975614e-05  2.12e-09 5.92e-12  8.59e-07     0s
   4   9.14763808e-06 -3.20777897e-07  1.37e-08 1.11e-12  3.95e-07     0s
   5   6.91328572e-06  4.24069910e-06  2.81e-10 8.56e-14  1.11e-07     0s
   6   6.19636082e-06  6.02353878e-06  2.19e-11 1.49e-14  7.20e-09     0s

Barrier solved model in 6 iterations and 0.02 seconds
Optimal objective 6.19636082e-06

Optimize a model with 2 rows, 6 columns and 11 nonzeros
Model has 15 quadratic objective terms
Model has 1 quadratic constraint
Coefficient statistics:
  Matrix range     [1e-05, 1e+00]
  QMatrix range    [1e+00, 1e+00]
  Objective range  [1e-05, 1e-05]
  QObjective range [1e-08, 6e-05]
  Bounds range     [1e+00, 1e+00]
  RHS range        [1e-05, 1e+00]
Presolve time: 0.01s
Presolved: 18 rows, 13 columns, 43 nonzeros
Presolved model has 2 second-order cone constraints
Ordering time: 0.00s

Barrier statistics:
 AA' NZ     : 1.410e+02
 Factor NZ  : 1.710e+02
 Factor Ops : 2.109e+03 (less than 1 second per iteration)
 Threads    : 1

                  Objective                Residual
Iter       Primal          Dual         Primal    Dual     Compl     Time
   0   1.28137654e-05  8.18222179e-08  8.00e-01 1.00e-01  1.00e-01     0s
   1   3.80056214e-04 -2.41641338e-01  8.21e-05 1.10e-07  1.01e-02     0s
   2   1.75297294e-05 -3.83636399e-04  3.62e-08 1.30e-10  1.67e-05     0s
   3   8.60582190e-06 -1.19975614e-05  2.12e-09 5.92e-12  8.59e-07     0s
   4   9.14763808e-06 -3.20777897e-07  1.37e-08 1.11e-12  3.95e-07     0s
   5   6.91328572e-06  4.24069910e-06  2.81e-10 8.56e-14  1.11e-07     0s
   6   6.19636082e-06  6.02353878e-06  2.19e-11 1.49e-14  7.20e-09     0s

Barrier solved model in 6 iterations and 0.02 seconds
Optimal objective 6.19636082e-06

Optimize a model with 2 rows, 6 columns and 11 nonzeros
Model has 15 quadratic objective terms
Model has 1 quadratic constraint
Coefficient statistics:
  Matrix range     [1e-05, 1e+00]
  QMatrix range    [1e+00, 1e+00]
  Objective range  [1e-05, 1e-05]
  QObjective range [1e-08, 6e-05]
  Bounds range     [1e+00, 1e+00]
  RHS range        [1e-05, 1e+00]
Presolve time: 0.01s
Presolved: 18 rows, 13 columns, 43 nonzeros
Presolved model has 2 second-order cone constraints
Ordering time: 0.00s

Barrier statistics:
 AA' NZ     : 1.410e+02
 Factor NZ  : 1.710e+02
 Factor Ops : 2.109e+03 (less than 1 second per iteration)
 Threads    : 1

                  Objective                Residual
Iter       Primal          Dual         Primal    Dual     Compl     Time
   0   1.28137654e-05  8.18222179e-08  8.00e-01 1.00e-01  1.00e-01     0s
   1   3.80056214e-04 -2.41641338e-01  8.21e-05 1.10e-07  1.01e-02     0s
   2   1.75297294e-05 -3.83636399e-04  3.62e-08 1.30e-10  1.67e-05     0s
   3   8.60582190e-06 -1.19975614e-05  2.12e-09 5.92e-12  8.59e-07     0s
   4   9.14763808e-06 -3.20777897e-07  1.37e-08 1.11e-12  3.95e-07     0s
   5   6.91328572e-06  4.24069910e-06  2.81e-10 8.56e-14  1.11e-07     0s
   6   6.19636082e-06  6.02353878e-06  2.19e-11 1.49e-14  7.20e-09     0s

Barrier solved model in 6 iterations and 0.02 seconds
Optimal objective 6.19636082e-06

Optimize a model with 2 rows, 6 columns and 11 nonzeros
Model has 15 quadratic objective terms
Model has 1 quadratic constraint
Coefficient statistics:
  Matrix range     [1e-05, 1e+00]
  QMatrix range    [1e+00, 1e+00]
  Objective range  [1e-05, 1e-05]
  QObjective range [1e-08, 6e-05]
  Bounds range     [1e+00, 1e+00]
  RHS range        [5e-05, 1e+00]
Presolve time: 0.01s
Presolved: 18 rows, 13 columns, 43 nonzeros
Presolved model has 2 second-order cone constraints
Ordering time: 0.00s

Barrier statistics:
 AA' NZ     : 1.410e+02
 Factor NZ  : 1.710e+02
 Factor Ops : 2.109e+03 (less than 1 second per iteration)
 Threads    : 1

                  Objective                Residual
Iter       Primal          Dual         Primal    Dual     Compl     Time
   0   1.27616618e-05  6.58373243e-08  7.95e-01 1.00e-01  9.93e-02     0s
   1   3.78261303e-04 -2.38549755e-01  8.10e-05 1.10e-07  9.96e-03     0s
   2   1.76709984e-05 -3.85408792e-04  3.37e-08 1.34e-10  1.68e-05     0s
   3   8.86122415e-06 -1.29964989e-05  2.06e-09 6.39e-12  9.11e-07     0s
   4   1.14954212e-05 -4.70968360e-06  1.96e-09 3.02e-11  6.75e-07     0s
   5   9.73774225e-06  3.77397784e-06  7.23e-10 1.28e-12  2.48e-07     0s
   6   6.31810518e-06  5.69029672e-06  5.21e-11 1.42e-13  2.62e-08     0s

Barrier solved model in 6 iterations and 0.02 seconds
Optimal objective 6.31810518e-06

Optimize a model with 2 rows, 6 columns and 11 nonzeros
Model has 15 quadratic objective terms
Model has 1 quadratic constraint
Coefficient statistics:
  Matrix range     [1e-05, 1e+00]
  QMatrix range    [1e+00, 1e+00]
  Objective range  [1e-05, 1e-05]
  QObjective range [1e-08, 6e-05]
  Bounds range     [1e+00, 1e+00]
  RHS range        [1e-04, 1e+00]
Presolve time: 0.01s
Presolved: 18 rows, 13 columns, 43 nonzeros
Presolved model has 2 second-order cone constraints
Ordering time: 0.00s

Barrier statistics:
 AA' NZ     : 1.410e+02
 Factor NZ  : 1.710e+02
 Factor Ops : 2.109e+03 (less than 1 second per iteration)
 Threads    : 1

                  Objective                Residual
Iter       Primal          Dual         Primal    Dual     Compl     Time
   0   1.27038760e-05  4.58562071e-08  7.90e-01 1.00e-01  9.85e-02     0s
   1   3.77037100e-04 -2.33841197e-01  7.82e-05 1.10e-07  9.76e-03     0s
   2   1.78918383e-05 -3.91049033e-04  2.95e-08 1.40e-10  1.70e-05     0s
   3   9.12475348e-06 -1.82838729e-05  1.84e-09 8.47e-12  1.14e-06     0s
   4   6.82777110e-06 -2.25259751e-06  8.76e-09 2.46e-12  3.78e-07     0s
   5   6.58234442e-06  5.86790654e-06  2.72e-10 7.73e-14  2.98e-08     0s

Barrier solved model in 5 iterations and 0.02 seconds
Optimal objective 6.58234442e-06

Optimize a model with 2 rows, 6 columns and 11 nonzeros
Model has 15 quadratic objective terms
Model has 1 quadratic constraint
Coefficient statistics:
  Matrix range     [1e-04, 1e+00]
  QMatrix range    [1e+00, 1e+00]
  Objective range  [1e-03, 1e-03]
  QObjective range [1e-08, 6e-05]
  Bounds range     [1e+00, 1e+00]
  RHS range        [1e-04, 1e+00]
Presolve time: 0.01s
Presolved: 18 rows, 13 columns, 43 nonzeros
Presolved model has 2 second-order cone constraints
Ordering time: 0.00s

Barrier statistics:
 AA' NZ     : 1.410e+02
 Factor NZ  : 1.710e+02
 Factor Ops : 2.109e+03 (less than 1 second per iteration)
 Threads    : 1

                  Objective                Residual
Iter       Primal          Dual         Primal    Dual     Compl     Time
   0   1.23466418e-03  2.37751745e-05  7.55e-01 9.92e-02  9.51e-02     0s
   1   1.21135956e-03 -2.05797778e-01  1.73e-01 1.09e-07  1.47e-02     0s
   2   1.06839134e-03  1.22562287e-01  1.68e-01 1.17e-09  4.45e-03     0s
   3   1.05698318e-03  4.81850652e+00  1.66e-01 1.07e-09  6.06e-03     0s
   4   1.05386805e-03  4.51580411e+01  1.66e-01 1.04e-09  6.08e-03     0s
   5   1.05342063e-03  1.43552688e+04  1.66e-01 1.12e-09  4.26e-01     0s
   6   1.05410529e-03  1.66901126e+07  1.66e-01 1.88e-07  3.01e+02     0s
   7   1.05401820e-03  1.11204199e+12  1.66e-01 1.00e-03  1.10e+07     0s
   8   1.05392192e-03  8.38065780e+18  1.66e-01 8.80e+06  4.57e+13     0s
   9  -1.62126602e+01  5.00000000e-01  1.02e+03 1.00e+03  5.42e+05     0s
  10   9.05458931e-04 -4.26443880e-01  7.50e-01 7.37e-01  6.26e-01     0s
  11  -7.02521431e-03  5.86360759e-02  1.75e-01 3.30e-03  2.02e-02     0s
  12   2.85755323e+01  5.35894452e+01  2.05e-01 2.26e-06  1.78e+01     0s
  13*  2.36441205e+04  3.99601954e+04  2.89e-03 3.62e-08  2.17e-01     0s
  14*  2.14261760e+07  3.38804210e+07  3.31e-06 4.68e-11  2.52e-04     0s
  15*  1.95150126e+10  3.03631291e+10  3.64e-09 1.35e-08  2.77e-07     0s

Barrier performed 15 iterations in 0.03 seconds
Infeasible model

Optimize a model with 2 rows, 6 columns and 11 nonzeros
Model has 15 quadratic objective terms
Model has 1 quadratic constraint
Coefficient statistics:
  Matrix range     [1e-05, 1e+00]
  QMatrix range    [1e+00, 1e+00]
  Objective range  [1e-05, 1e-05]
  QObjective range [1e-08, 6e-05]
  Bounds range     [1e+00, 1e+00]
  RHS range        [1e-04, 1e+00]
Presolve time: 0.01s
Presolved: 18 rows, 13 columns, 43 nonzeros
Presolved model has 2 second-order cone constraints
Ordering time: 0.00s

Barrier statistics:
 AA' NZ     : 1.410e+02
 Factor NZ  : 1.710e+02
 Factor Ops : 2.109e+03 (less than 1 second per iteration)
 Threads    : 1

                  Objective                Residual
Iter       Primal          Dual         Primal    Dual     Compl     Time
   0   1.27038760e-05  4.58562071e-08  7.90e-01 1.00e-01  9.85e-02     0s
   1   3.77037100e-04 -2.33841197e-01  7.82e-05 1.10e-07  9.76e-03     0s
   2   1.78918383e-05 -3.91049033e-04  2.95e-08 1.40e-10  1.70e-05     0s
   3   9.12475348e-06 -1.82838729e-05  1.84e-09 8.47e-12  1.14e-06     0s
   4   6.82777110e-06 -2.25259751e-06  8.76e-09 2.46e-12  3.78e-07     0s
   5   6.58234442e-06  5.86790654e-06  2.72e-10 7.73e-14  2.98e-08     0s

Barrier solved model in 5 iterations and 0.03 seconds
Optimal objective 6.58234442e-06

Optimize a model with 2 rows, 6 columns and 11 nonzeros
Model has 15 quadratic objective terms
Model has 1 quadratic constraint
Coefficient statistics:
  Matrix range     [1e-05, 1e+00]
  QMatrix range    [1e+00, 1e+00]
  Objective range  [1e-05, 1e-05]
  QObjective range [1e-08, 6e-05]
  Bounds range     [1e+00, 1e+00]
  RHS range        [3e-04, 1e+00]
Presolve time: 0.01s
Presolved: 18 rows, 13 columns, 43 nonzeros
Presolved model has 2 second-order cone constraints
Ordering time: 0.00s

Barrier statistics:
 AA' NZ     : 1.410e+02
 Factor NZ  : 1.710e+02
 Factor Ops : 2.109e+03 (less than 1 second per iteration)
 Threads    : 1

                  Objective                Residual
Iter       Primal          Dual         Primal    Dual     Compl     Time
   0   1.25736437e-05 -1.85460807e-08  7.77e-01 1.00e-01  9.63e-02     0s
   1   1.95458035e-04 -2.05470065e-01  3.77e-02 8.22e-04  1.05e-02     0s
   2   2.85717391e-05 -6.90762164e-03  7.09e-07 5.16e-06  2.90e-04     0s
   3   1.51373926e-05 -1.15974159e-06  3.44e-12 9.45e-09  6.81e-07     0s
   4   1.21606971e-05  9.85417446e-06  1.34e-10 4.31e-10  9.62e-08     0s
   5   1.16682156e-05  1.11683108e-05  8.85e-09 1.59e-13  2.06e-08     0s

Barrier solved model in 5 iterations and 0.03 seconds
Optimal objective 1.16682156e-05

Optimize a model with 2 rows, 6 columns and 11 nonzeros
Model has 15 quadratic objective terms
Model has 1 quadratic constraint
Coefficient statistics:
  Matrix range     [9e-05, 1e+00]
  QMatrix range    [1e+00, 1e+00]
  Objective range  [9e-05, 9e-05]
  QObjective range [1e-08, 6e-05]
  Bounds range     [1e+00, 1e+00]
  RHS range        [3e-04, 1e+00]
Presolve time: 0.01s
Presolved: 18 rows, 13 columns, 43 nonzeros
Presolved model has 2 second-order cone constraints
Ordering time: 0.00s

Barrier statistics:
 AA' NZ     : 1.410e+02
 Factor NZ  : 1.710e+02
 Factor Ops : 2.109e+03 (less than 1 second per iteration)
 Threads    : 1

                  Objective                Residual
Iter       Primal          Dual         Primal    Dual     Compl     Time
   0   1.11461212e-04 -1.45569430e-06  7.58e-01 9.99e-02  9.49e-02     0s
   1   3.27483816e-04 -1.98595535e-01  1.78e-01 7.86e-07  1.53e-02     0s
   2   1.59222666e-04 -3.84878127e-02  4.50e-02 1.00e-07  2.95e-03     0s
   3   1.86920984e-04 -6.10325009e-03  2.74e-08 1.75e-09  2.62e-04     0s
   4   1.09430364e-04  4.89191555e-05  1.15e-13 1.60e-11  2.52e-06     0s
   5   8.80693403e-05  7.84581834e-05  1.60e-11 1.80e-12  4.00e-07     0s
   6   8.67030779e-05  8.47034583e-05  2.92e-10 2.37e-13  8.33e-08     0s
   7   8.59216597e-05  8.56174220e-05  5.63e-09 3.37e-12  1.28e-08     0s

Barrier solved model in 7 iterations and 0.02 seconds
Optimal objective 8.59216597e-05

Optimize a model with 2 rows, 6 columns and 11 nonzeros
Model has 15 quadratic objective terms
Model has 1 quadratic constraint
Coefficient statistics:
  Matrix range     [9e-05, 1e+00]
  QMatrix range    [1e+00, 1e+00]
  Objective range  [9e-05, 9e-05]
  QObjective range [1e-08, 6e-05]
  Bounds range     [1e+00, 1e+00]
  RHS range        [3e-04, 1e+00]
Presolve time: 0.01s
Presolved: 18 rows, 13 columns, 43 nonzeros
Presolved model has 2 second-order cone constraints
Ordering time: 0.00s

Barrier statistics:
 AA' NZ     : 1.410e+02
 Factor NZ  : 1.710e+02
 Factor Ops : 2.109e+03 (less than 1 second per iteration)
 Threads    : 1

                  Objective                Residual
Iter       Primal          Dual         Primal    Dual     Compl     Time
   0   1.11461212e-04 -1.45569430e-06  7.58e-01 9.99e-02  9.49e-02     0s
   1   3.27483816e-04 -1.98595535e-01  1.78e-01 7.86e-07  1.53e-02     0s
   2   1.59222666e-04 -3.84878127e-02  4.50e-02 1.00e-07  2.95e-03     0s
   3   1.86920984e-04 -6.10325009e-03  2.74e-08 1.75e-09  2.62e-04     0s
   4   1.09430364e-04  4.89191555e-05  1.15e-13 1.60e-11  2.52e-06     0s
   5   8.80693403e-05  7.84581834e-05  1.60e-11 1.80e-12  4.00e-07     0s
   6   8.67030779e-05  8.47034583e-05  2.92e-10 2.37e-13  8.33e-08     0s
   7   8.59216597e-05  8.56174220e-05  5.63e-09 3.37e-12  1.28e-08     0s

Barrier solved model in 7 iterations and 0.02 seconds
Optimal objective 8.59216597e-05

Optimize a model with 2 rows, 6 columns and 11 nonzeros
Model has 15 quadratic objective terms
Model has 1 quadratic constraint
Coefficient statistics:
  Matrix range     [1e-05, 1e+00]
  QMatrix range    [1e+00, 1e+00]
  Objective range  [1e-05, 1e-05]
  QObjective range [1e-08, 6e-05]
  Bounds range     [1e+00, 1e+00]
  RHS range        [3e-04, 1e+00]
Presolve time: 0.01s
Presolved: 18 rows, 13 columns, 43 nonzeros
Presolved model has 2 second-order cone constraints
Ordering time: 0.00s

Barrier statistics:
 AA' NZ     : 1.410e+02
 Factor NZ  : 1.710e+02
 Factor Ops : 2.109e+03 (less than 1 second per iteration)
 Threads    : 1

                  Objective                Residual
Iter       Primal          Dual         Primal    Dual     Compl     Time
   0   1.25736437e-05 -1.85460807e-08  7.77e-01 1.00e-01  9.63e-02     0s
   1   1.95458035e-04 -2.05470065e-01  3.77e-02 8.22e-04  1.05e-02     0s
   2   2.85717391e-05 -6.90762164e-03  7.09e-07 5.16e-06  2.90e-04     0s
   3   1.51373926e-05 -1.15974159e-06  3.44e-12 9.45e-09  6.81e-07     0s
   4   1.21606971e-05  9.85417446e-06  1.34e-10 4.31e-10  9.62e-08     0s
   5   1.16682156e-05  1.11683108e-05  8.85e-09 1.59e-13  2.06e-08     0s

Barrier solved model in 5 iterations and 0.03 seconds
Optimal objective 1.16682156e-05

Optimize a model with 2 rows, 6 columns and 11 nonzeros
Model has 15 quadratic objective terms
Model has 1 quadratic constraint
Coefficient statistics:
  Matrix range     [1e-06, 1e+00]
  QMatrix range    [1e+00, 1e+00]
  Objective range  [1e-06, 1e-06]
  QObjective range [1e-08, 6e-05]
  Bounds range     [1e+00, 1e+00]
  RHS range        [3e-04, 1e+00]
Presolve time: 0.01s
Presolved: 18 rows, 13 columns, 43 nonzeros
Presolved model has 2 second-order cone constraints
Ordering time: 0.00s

Barrier statistics:
 AA' NZ     : 1.410e+02
 Factor NZ  : 1.710e+02
 Factor Ops : 2.109e+03 (less than 1 second per iteration)
 Threads    : 1

                  Objective                Residual
Iter       Primal          Dual         Primal    Dual     Compl     Time
   0   1.25987623e-06 -1.85534255e-10  7.80e-01 1.00e-01  9.65e-02     0s
   1   1.73079500e-04 -2.03772011e-01  1.51e-02 2.06e-03  9.77e-03     0s
   2   1.38754248e-05 -2.05566341e-03  1.33e-06 4.29e-06  8.74e-05     0s
   3   8.28897679e-06 -9.63961579e-07  7.90e-12 1.49e-08  3.89e-07     0s
   4   6.05768269e-06  3.97582095e-06  2.22e-10 2.02e-09  8.72e-08     0s
   5   5.69519645e-06  4.89960339e-06  2.48e-09 1.10e-13  3.31e-08     0s

Barrier solved model in 5 iterations and 0.02 seconds
Optimal objective 5.69519645e-06

Optimize a model with 2 rows, 6 columns and 11 nonzeros
Model has 15 quadratic objective terms
Model has 1 quadratic constraint
Coefficient statistics:
  Matrix range     [7e-05, 1e+00]
  QMatrix range    [1e+00, 1e+00]
  Objective range  [7e-05, 7e-05]
  QObjective range [1e-08, 6e-05]
  Bounds range     [1e+00, 1e+00]
  RHS range        [3e-04, 1e+00]
Presolve time: 0.01s
Presolved: 18 rows, 13 columns, 43 nonzeros
Presolved model has 2 second-order cone constraints
Ordering time: 0.00s

Barrier statistics:
 AA' NZ     : 1.410e+02
 Factor NZ  : 1.710e+02
 Factor Ops : 2.109e+03 (less than 1 second per iteration)
 Threads    : 1

                  Objective                Residual
Iter       Primal          Dual         Primal    Dual     Compl     Time
   0   8.69819071e-05 -8.91654358e-07  7.63e-01 9.99e-02  9.52e-02     0s
   1   3.02139265e-04 -2.00810667e-01  1.53e-01 1.47e-07  1.46e-02     0s
   2   1.10610242e-04 -3.95009737e-02  1.96e-02 1.70e-08  2.21e-03     0s
   3   9.50299100e-05 -2.27230871e-03  1.26e-08 9.07e-11  9.86e-05     0s
   4   6.53404114e-05  4.21260577e-05  5.56e-13 8.66e-13  9.67e-07     0s
   5   6.11398396e-05  5.75351568e-05  5.41e-11 3.93e-14  1.50e-07     0s
   6   5.93425078e-05  5.88804560e-05  3.90e-10 1.00e-13  1.93e-08     0s

Barrier solved model in 6 iterations and 0.03 seconds
Optimal objective 5.93425078e-05

Optimize a model with 2 rows, 6 columns and 11 nonzeros
Model has 15 quadratic objective terms
Model has 1 quadratic constraint
Coefficient statistics:
  Matrix range     [1e-04, 1e+00]
  QMatrix range    [1e+00, 1e+00]
  Objective range  [1e-04, 1e-04]
  QObjective range [1e-08, 6e-05]
  Bounds range     [1e+00, 1e+00]
  RHS range        [3e-04, 1e+00]
Presolve time: 0.01s
Presolved: 18 rows, 13 columns, 43 nonzeros
Presolved model has 2 second-order cone constraints
Ordering time: 0.00s

Barrier statistics:
 AA' NZ     : 1.410e+02
 Factor NZ  : 1.710e+02
 Factor Ops : 2.109e+03 (less than 1 second per iteration)
 Threads    : 1

                  Objective                Residual
Iter       Primal          Dual         Primal    Dual     Compl     Time
   0   1.23653432e-04 -1.78402730e-06  7.57e-01 9.99e-02  9.47e-02     0s
   1   3.41011025e-04 -1.97499832e-01  1.89e-01 7.15e-07  1.56e-02     0s
   2   1.84602618e-04 -3.65856628e-02  5.93e-02 9.46e-08  3.36e-03     0s
   3   2.02870556e-04 -6.54377032e-03  3.55e-08 2.50e-09  2.81e-04     0s
   4   1.27549521e-04  8.14520017e-05  2.70e-13 1.59e-11  1.92e-06     0s
   5   1.06325544e-04  1.02651659e-04  7.98e-12 1.33e-12  1.53e-07     0s
   6   1.05347508e-04  1.05156107e-04  1.28e-10 3.38e-13  7.98e-09     0s

Barrier solved model in 6 iterations and 0.02 seconds
Optimal objective 1.05347508e-04

Optimize a model with 2 rows, 6 columns and 11 nonzeros
Model has 15 quadratic objective terms
Model has 1 quadratic constraint
Coefficient statistics:
  Matrix range     [1e-05, 1e+00]
  QMatrix range    [1e+00, 1e+00]
  Objective range  [1e-05, 1e-05]
  QObjective range [1e-08, 6e-05]
  Bounds range     [1e+00, 1e+00]
  RHS range        [3e-04, 1e+00]
Presolve time: 0.01s
Presolved: 18 rows, 13 columns, 43 nonzeros
Presolved model has 2 second-order cone constraints
Ordering time: 0.00s

Barrier statistics:
 AA' NZ     : 1.410e+02
 Factor NZ  : 1.710e+02
 Factor Ops : 2.109e+03 (less than 1 second per iteration)
 Threads    : 1

                  Objective                Residual
Iter       Primal          Dual         Primal    Dual     Compl     Time
   0   1.25736437e-05 -1.85460807e-08  7.77e-01 1.00e-01  9.63e-02     0s
   1   1.95458035e-04 -2.05470065e-01  3.77e-02 8.22e-04  1.05e-02     0s
   2   2.85717391e-05 -6.90762164e-03  7.09e-07 5.16e-06  2.90e-04     0s
   3   1.51373926e-05 -1.15974159e-06  3.44e-12 9.45e-09  6.81e-07     0s
   4   1.21606971e-05  9.85417446e-06  1.34e-10 4.31e-10  9.62e-08     0s
   5   1.16682156e-05  1.11683108e-05  8.85e-09 1.59e-13  2.06e-08     0s

Barrier solved model in 5 iterations and 0.03 seconds
Optimal objective 1.16682156e-05

Optimize a model with 2 rows, 6 columns and 10 nonzeros
Model has 15 quadratic objective terms
Model has 1 quadratic constraint
Coefficient statistics:
  Matrix range     [1e-04, 1e+00]
  QMatrix range    [1e+00, 1e+00]
  Objective range  [0e+00, 0e+00]
  QObjective range [1e-08, 6e-05]
  Bounds range     [1e+00, 1e+00]
  RHS range        [3e-04, 1e+00]
Presolve time: 0.01s
Presolved: 18 rows, 13 columns, 42 nonzeros
Presolved model has 2 second-order cone constraints
Ordering time: 0.00s

Barrier statistics:
 AA' NZ     : 1.410e+02
 Factor NZ  : 1.710e+02
 Factor Ops : 2.109e+03 (less than 1 second per iteration)
 Threads    : 1

                  Objective                Residual
Iter       Primal          Dual         Primal    Dual     Compl     Time
   0   0.00000000e+00  0.00000000e+00  7.80e-01 1.00e-01  9.65e-02     0s
   1   1.70489689e-04 -2.03577636e-01  1.25e-02 2.20e-03  9.68e-03     0s
   2   1.09481160e-05 -1.82725613e-03  2.70e-06 6.49e-06  7.84e-05     0s
   3   7.39455134e-06 -1.12215880e-06  7.62e-13 2.58e-08  3.62e-07     0s
   4   5.62871400e-06  3.29439284e-06  9.82e-13 2.94e-09  9.84e-08     0s
   5   4.56930104e-06  4.24246940e-06  2.30e-10 8.39e-11  1.36e-08     0s

Barrier solved model in 5 iterations and 0.03 seconds
Optimal objective 4.56930104e-06

Optimize a model with 2 rows, 7 columns and 10 nonzeros
Model has 1 quadratic objective term
Model has 2 quadratic constraints
Coefficient statistics:
  Matrix range     [1e-04, 1e+00]
  QMatrix range    [6e-09, 1e+00]
  Objective range  [0e+00, 0e+00]
  QObjective range [2e+00, 2e+00]
  Bounds range     [1e+00, 1e+00]
  RHS range        [3e-04, 1e+00]
Presolve time: 0.01s
Presolved: 20 rows, 15 columns, 45 nonzeros
Presolved model has 3 second-order cone constraints
Ordering time: 0.00s

Barrier statistics:
 AA' NZ     : 1.440e+02
 Factor NZ  : 2.100e+02
 Factor Ops : 2.870e+03 (less than 1 second per iteration)
 Threads    : 1

                  Objective                Residual
Iter       Primal          Dual         Primal    Dual     Compl     Time
   0   0.00000000e+00  0.00000000e+00  1.16e+00 1.00e-01  9.29e-02     0s
   1   2.84345250e-02 -2.18813221e-01  2.89e-02 2.43e-03  1.10e-02     0s
   2   9.59308253e-03 -2.25672062e-02  3.18e-08 1.64e-04  1.23e-03     0s
   3   2.98054511e-04 -1.69065403e-03  1.24e-09 6.72e-06  7.53e-05     0s
   4   5.22676929e-05 -7.68063084e-05  4.29e-13 2.52e-07  4.85e-06     0s
   5   6.38457282e-06 -1.03229470e-05  2.45e-13 3.51e-08  6.28e-07     0s
   6   5.22662811e-06  8.59630206e-07  5.67e-11 8.18e-09  1.64e-07     0s
   7   4.49367074e-06  3.26575474e-06  1.10e-11 2.51e-09  4.62e-08     0s

Barrier solved model in 7 iterations and 0.02 seconds
Optimal objective 4.49367074e-06

Optimize a model with 2 rows, 7 columns and 10 nonzeros
Model has 1 quadratic objective term
Model has 2 quadratic constraints
Coefficient statistics:
  Matrix range     [1e-04, 1e+00]
  QMatrix range    [6e-09, 1e+00]
  Objective range  [0e+00, 0e+00]
  QObjective range [2e+00, 2e+00]
  Bounds range     [1e+00, 1e+00]
  RHS range        [3e-04, 1e+00]
Presolve time: 0.01s
Presolved: 20 rows, 15 columns, 45 nonzeros
Presolved model has 3 second-order cone constraints
Ordering time: 0.00s

Barrier statistics:
 AA' NZ     : 1.440e+02
 Factor NZ  : 2.100e+02
 Factor Ops : 2.870e+03 (less than 1 second per iteration)
 Threads    : 1

                  Objective                Residual
Iter       Primal          Dual         Primal    Dual     Compl     Time
   0   0.00000000e+00  0.00000000e+00  1.16e+00 1.00e-01  9.29e-02     0s
   1   2.84345250e-02 -2.18813221e-01  2.89e-02 2.43e-03  1.10e-02     0s
   2   9.59308253e-03 -2.25672062e-02  3.18e-08 1.64e-04  1.23e-03     0s
   3   2.98054511e-04 -1.69065403e-03  1.24e-09 6.72e-06  7.53e-05     0s
   4   5.22676929e-05 -7.68063084e-05  4.29e-13 2.52e-07  4.85e-06     0s
   5   6.38457282e-06 -1.03229470e-05  2.45e-13 3.51e-08  6.28e-07     0s
   6   5.22662811e-06  8.59630206e-07  5.67e-11 8.18e-09  1.64e-07     0s
   7   4.49367074e-06  3.26575474e-06  1.10e-11 2.51e-09  4.62e-08     0s

Barrier solved model in 7 iterations and 0.02 seconds
Optimal objective 4.49367074e-06

Optimize a model with 2 rows, 7 columns and 11 nonzeros
Model has 3 quadratic objective terms
Model has 2 quadratic constraints
Coefficient statistics:
  Matrix range     [1e-04, 1e+00]
  QMatrix range    [6e-09, 1e+00]
  Objective range  [0e+00, 0e+00]
  QObjective range [2e-05, 2e+00]
  Bounds range     [1e+00, 1e+00]
  RHS range        [3e-04, 1e+00]
Presolve time: 0.01s
Presolved: 19 rows, 15 columns, 46 nonzeros
Presolved model has 3 second-order cone constraints
Ordering time: 0.00s

Barrier statistics:
 Dense cols : 1
 AA' NZ     : 1.010e+02
 Factor NZ  : 2.100e+02
 Factor Ops : 2.870e+03 (less than 1 second per iteration)
 Threads    : 1

                  Objective                Residual
Iter       Primal          Dual         Primal    Dual     Compl     Time
   0   0.00000000e+00  0.00000000e+00  1.66e+00 1.00e-01  9.33e-02     0s
   1   1.33114541e-02 -2.23169882e-01  1.82e-06 4.24e-04  9.22e-03     0s
   2   8.92277410e-04 -1.62626540e-03  2.01e-12 4.66e-10  9.69e-05     0s
   3   6.63775778e-05 -1.28189175e-04  6.97e-14 6.43e-14  7.48e-06     0s
   4   2.35739644e-05 -4.41895166e-06  1.20e-13 7.23e-15  1.08e-06     0s
   5   8.14726923e-06  1.70691137e-06  3.32e-12 2.78e-15  2.48e-07     0s
   6   5.49647906e-06  5.37458440e-06  3.93e-12 8.55e-15  4.69e-09     0s

Barrier solved model in 6 iterations and 0.03 seconds
Optimal objective 5.49647906e-06

Optimize a model with 2 rows, 7 columns and 11 nonzeros
Model has 3 quadratic objective terms
Model has 2 quadratic constraints
Coefficient statistics:
  Matrix range     [1e-04, 1e+00]
  QMatrix range    [6e-09, 1e+00]
  Objective range  [0e+00, 0e+00]
  QObjective range [2e-06, 2e+00]
  Bounds range     [1e+00, 1e+00]
  RHS range        [3e-04, 1e+00]
Presolve time: 0.01s
Presolved: 19 rows, 15 columns, 46 nonzeros
Presolved model has 3 second-order cone constraints
Ordering time: 0.00s

Barrier statistics:
 Dense cols : 1
 AA' NZ     : 1.010e+02
 Factor NZ  : 2.100e+02
 Factor Ops : 2.870e+03 (less than 1 second per iteration)
 Threads    : 1

                  Objective                Residual
Iter       Primal          Dual         Primal    Dual     Compl     Time
   0   0.00000000e+00  0.00000000e+00  1.65e+00 1.00e-01  9.32e-02     0s
   1   1.33119671e-02 -2.09675981e-01  1.82e-06 6.62e-03  1.05e-02     0s
   2   9.33107462e-04 -1.53815690e-03  2.00e-12 2.61e-05  1.02e-04     0s
   3   3.92679095e-04 -1.46099209e-04  3.21e-13 2.87e-11  2.07e-05     0s
   4   1.21905100e-04 -5.86306386e-05  2.33e-12 5.16e-14  6.94e-06     0s
   5   2.42584783e-05 -1.84363144e-05  6.01e-13 1.24e-14  1.64e-06     0s
   6   9.74285766e-07  1.21919131e-07  1.62e-13 6.66e-16  3.28e-08     0s

Barrier solved model in 6 iterations and 0.03 seconds
Optimal objective 9.74285766e-07

Optimize a model with 2 rows, 7 columns and 11 nonzeros
Model has 3 quadratic objective terms
Model has 2 quadratic constraints
Coefficient statistics:
  Matrix range     [1e-04, 1e+00]
  QMatrix range    [6e-09, 1e+00]
  Objective range  [0e+00, 0e+00]
  QObjective range [2e-06, 2e+00]
  Bounds range     [1e+00, 1e+00]
  RHS range        [3e-04, 1e+00]
Presolve time: 0.01s
Presolved: 19 rows, 15 columns, 46 nonzeros
Presolved model has 3 second-order cone constraints
Ordering time: 0.00s

Barrier statistics:
 Dense cols : 1
 AA' NZ     : 1.010e+02
 Factor NZ  : 2.100e+02
 Factor Ops : 2.870e+03 (less than 1 second per iteration)
 Threads    : 1

                  Objective                Residual
Iter       Primal          Dual         Primal    Dual     Compl     Time
   0   0.00000000e+00  0.00000000e+00  1.65e+00 1.00e-01  9.32e-02     0s
   1   1.33119671e-02 -2.09675981e-01  1.82e-06 6.62e-03  1.05e-02     0s
   2   9.33107462e-04 -1.53815690e-03  2.00e-12 2.61e-05  1.02e-04     0s
   3   3.92679095e-04 -1.46099209e-04  3.21e-13 2.87e-11  2.07e-05     0s
   4   1.21905100e-04 -5.86306386e-05  2.33e-12 5.16e-14  6.94e-06     0s
   5   2.42584783e-05 -1.84363144e-05  6.01e-13 1.24e-14  1.64e-06     0s
   6   9.74285766e-07  1.21919131e-07  1.62e-13 6.66e-16  3.28e-08     0s

Barrier solved model in 6 iterations and 0.03 seconds
Optimal objective 9.74285766e-07

Optimize a model with 2 rows, 7 columns and 11 nonzeros
Model has 3 quadratic objective terms
Model has 2 quadratic constraints
Coefficient statistics:
  Matrix range     [1e-04, 1e+00]
  QMatrix range    [6e-09, 1e+00]
  Objective range  [0e+00, 0e+00]
  QObjective range [2e-07, 2e+00]
  Bounds range     [1e+00, 1e+00]
  RHS range        [3e-04, 1e+00]
Presolve time: 0.01s
Presolved: 19 rows, 15 columns, 46 nonzeros
Presolved model has 3 second-order cone constraints
Ordering time: 0.00s

Barrier statistics:
 Dense cols : 1
 AA' NZ     : 1.010e+02
 Factor NZ  : 2.100e+02
 Factor Ops : 2.870e+03 (less than 1 second per iteration)
 Threads    : 1

                  Objective                Residual
Iter       Primal          Dual         Primal    Dual     Compl     Time
   0   0.00000000e+00  0.00000000e+00  1.64e+00 1.00e-01  9.26e-02     0s
   1   1.32095308e-02 -2.09642821e-01  1.81e-06 6.19e-03  1.04e-02     0s
   2   8.93594100e-04 -1.80925750e-03  1.99e-12 3.32e-05  1.13e-04     0s
   3   3.27304805e-04 -1.32685238e-04  4.70e-13 3.65e-11  1.77e-05     0s
   4   9.57151193e-05 -1.58143897e-04  1.03e-12 1.46e-11  9.76e-06     0s
   5   1.06660189e-05 -2.95454524e-05  7.59e-13 1.44e-14  1.55e-06     0s
   6   3.96960955e-06 -9.91512598e-07  8.48e-13 1.55e-15  1.91e-07     0s
   7   1.53563226e-07 -5.36291859e-07  8.12e-12 4.00e-15  2.65e-08     0s

Barrier solved model in 7 iterations and 0.03 seconds
Optimal objective 1.53563226e-07

Optimize a model with 2 rows, 7 columns and 11 nonzeros
Model has 3 quadratic objective terms
Model has 2 quadratic constraints
Coefficient statistics:
  Matrix range     [1e-04, 1e+00]
  QMatrix range    [6e-09, 1e+00]
  Objective range  [0e+00, 0e+00]
  QObjective range [2e-08, 2e+00]
  Bounds range     [1e+00, 1e+00]
  RHS range        [3e-04, 1e+00]
Presolve time: 0.01s
Presolved: 19 rows, 15 columns, 46 nonzeros
Presolved model has 3 second-order cone constraints
Ordering time: 0.00s

Barrier statistics:
 Dense cols : 1
 AA' NZ     : 1.010e+02
 Factor NZ  : 2.100e+02
 Factor Ops : 2.870e+03 (less than 1 second per iteration)
 Threads    : 1

                  Objective                Residual
Iter       Primal          Dual         Primal    Dual     Compl     Time
   0   0.00000000e+00  0.00000000e+00  1.65e+00 1.00e-01  9.27e-02     0s
   1   1.32554969e-02 -2.02813212e-01  1.81e-06 1.55e-02  1.25e-02     0s
   2   8.80332599e-04 -1.76949390e-03  1.99e-12 6.42e-05  1.19e-04     0s
   3   5.86882304e-05 -2.86711541e-04  4.32e-13 7.07e-11  1.33e-05     0s
   4   7.93801947e-06 -8.76273684e-06  5.07e-13 7.31e-12  6.42e-07     0s
   5   4.84245169e-07 -5.40738873e-07  7.22e-12 3.03e-13  3.94e-08     0s

Barrier solved model in 5 iterations and 0.02 seconds
Optimal objective 4.84245169e-07

Optimize a model with 2 rows, 7 columns and 11 nonzeros
Model has 3 quadratic objective terms
Model has 2 quadratic constraints
Coefficient statistics:
  Matrix range     [1e-05, 1e+00]
  QMatrix range    [6e-09, 1e+00]
  Objective range  [0e+00, 0e+00]
  QObjective range [2e-10, 2e+00]
  Bounds range     [1e+00, 1e+00]
  RHS range        [3e-04, 1e+00]
Presolve time: 0.01s
Presolved: 19 rows, 15 columns, 46 nonzeros
Presolved model has 3 second-order cone constraints
Ordering time: 0.00s

Barrier statistics:
 Dense cols : 1
 AA' NZ     : 1.010e+02
 Factor NZ  : 2.100e+02
 Factor Ops : 2.870e+03 (less than 1 second per iteration)
 Threads    : 1

                  Objective                Residual
Iter       Primal          Dual         Primal    Dual     Compl     Time
   0   0.00000000e+00  0.00000000e+00  1.65e+00 1.00e-01  9.28e-02     0s
   1   1.32223180e-02 -2.07829034e-01  1.81e-06 3.82e-03  9.45e-03     0s
   2   8.49905041e-04 -2.82077478e-03  2.00e-12 4.09e-05  1.51e-04     0s
   3   2.31534604e-04 -3.64651799e-04  1.03e-13 3.37e-06  2.38e-05     0s
   4   8.22371118e-06 -6.90735531e-05  5.82e-14 2.93e-07  3.06e-06     0s
   5   2.69494213e-06 -4.47955109e-06  8.26e-13 2.83e-08  2.88e-07     0s
   6   2.71244796e-07 -4.79128444e-07  1.17e-11 2.80e-09  3.03e-08     0s

Barrier solved model in 6 iterations and 0.03 seconds
Optimal objective 2.71244796e-07

Optimize a model with 2 rows, 7 columns and 10 nonzeros
Model has 1 quadratic objective term
Model has 2 quadratic constraints
Coefficient statistics:
  Matrix range     [1e-04, 1e+00]
  QMatrix range    [6e-09, 1e+00]
  Objective range  [0e+00, 0e+00]
  QObjective range [2e+00, 2e+00]
  Bounds range     [1e+00, 1e+00]
  RHS range        [3e-04, 1e+00]
Presolve time: 0.01s
Presolved: 20 rows, 15 columns, 45 nonzeros
Presolved model has 3 second-order cone constraints
Ordering time: 0.00s

Barrier statistics:
 AA' NZ     : 1.440e+02
 Factor NZ  : 2.100e+02
 Factor Ops : 2.870e+03 (less than 1 second per iteration)
 Threads    : 1

                  Objective                Residual
Iter       Primal          Dual         Primal    Dual     Compl     Time
   0   0.00000000e+00  0.00000000e+00  1.16e+00 1.00e-01  9.29e-02     0s
   1   2.84345250e-02 -2.18813221e-01  2.89e-02 2.43e-03  1.10e-02     0s
   2   9.59308253e-03 -2.25672062e-02  3.18e-08 1.64e-04  1.23e-03     0s
   3   2.98054511e-04 -1.69065403e-03  1.24e-09 6.72e-06  7.53e-05     0s
   4   5.22676929e-05 -7.68063084e-05  4.29e-13 2.52e-07  4.85e-06     0s
   5   6.38457282e-06 -1.03229470e-05  2.45e-13 3.51e-08  6.28e-07     0s
   6   5.22662811e-06  8.59630206e-07  5.67e-11 8.18e-09  1.64e-07     0s
   7   4.49367074e-06  3.26575474e-06  1.10e-11 2.51e-09  4.62e-08     0s

Barrier solved model in 7 iterations and 0.03 seconds
Optimal objective 4.49367074e-06

Optimize a model with 2 rows, 7 columns and 11 nonzeros
Model has 3 quadratic objective terms
Model has 2 quadratic constraints
Coefficient statistics:
  Matrix range     [1e-06, 1e+00]
  QMatrix range    [6e-09, 1e+00]
  Objective range  [0e+00, 0e+00]
  QObjective range [2e-12, 2e+00]
  Bounds range     [1e+00, 1e+00]
  RHS range        [3e-04, 1e+00]
Warning: Model contains large quadratic objective coefficient range
         Consider reformulating model or setting NumericFocus parameter
         to avoid numerical issues.
Presolve time: 0.01s
Presolved: 19 rows, 15 columns, 45 nonzeros
Presolved model has 3 second-order cone constraints
Ordering time: 0.00s

Barrier statistics:
 AA' NZ     : 1.420e+02
 Factor NZ  : 1.900e+02
 Factor Ops : 2.470e+03 (less than 1 second per iteration)
 Threads    : 1

                  Objective                Residual
Iter       Primal          Dual         Primal    Dual     Compl     Time
   0   0.00000000e+00  0.00000000e+00  1.65e+00 1.00e-01  9.28e-02     0s
   1   1.30794479e-02 -2.10113876e-01  1.72e-02 2.47e-03  9.69e-03     0s
   2   8.17672184e-04 -5.78051663e-03  1.87e-04 4.75e-05  2.68e-04     0s
   3   8.11195815e-05 -7.71715534e-04  2.06e-10 5.33e-06  3.42e-05     0s
   4   1.03690863e-05 -3.06694936e-05  7.01e-13 2.19e-07  1.64e-06     0s
   5   4.04623629e-06 -1.27302979e-05  2.98e-12 1.09e-07  7.38e-07     0s
   6   2.29895403e-06 -1.47403267e-06  1.54e-11 2.99e-08  1.96e-07     0s
   7   4.11700210e-07 -2.59072958e-07  7.09e-11 7.17e-09  4.53e-08     0s

Barrier solved model in 7 iterations and 0.03 seconds
Optimal objective 4.11700210e-07

Optimize a model with 2 rows, 7 columns and 11 nonzeros
Model has 3 quadratic objective terms
Model has 2 quadratic constraints
Coefficient statistics:
  Matrix range     [2e-06, 1e+00]
  QMatrix range    [6e-09, 1e+00]
  Objective range  [0e+00, 0e+00]
  QObjective range [1e-11, 2e+00]
  Bounds range     [1e+00, 1e+00]
  RHS range        [3e-04, 1e+00]
Warning: Model contains large quadratic objective coefficient range
         Consider reformulating model or setting NumericFocus parameter
         to avoid numerical issues.
Presolve time: 0.02s
Presolved: 19 rows, 15 columns, 45 nonzeros
Presolved model has 3 second-order cone constraints
Ordering time: 0.00s

Barrier statistics:
 AA' NZ     : 1.420e+02
 Factor NZ  : 1.900e+02
 Factor Ops : 2.470e+03 (less than 1 second per iteration)
 Threads    : 1

                  Objective                Residual
Iter       Primal          Dual         Primal    Dual     Compl     Time
   0   0.00000000e+00  0.00000000e+00  1.65e+00 1.00e-01  9.28e-02     0s
   1   1.31201869e-02 -2.09823824e-01  1.22e-02 2.64e-03  9.58e-03     0s
   2   8.81612050e-04 -5.42227162e-03  1.02e-04 5.10e-05  2.56e-04     0s
   3   1.52520283e-04 -6.40329426e-04  1.12e-10 5.46e-06  3.19e-05     0s
   4   8.84146944e-06 -4.24647925e-05  6.47e-12 3.73e-07  2.08e-06     0s
   5   3.05625520e-06 -1.83453282e-05  1.63e-11 1.78e-07  1.00e-06     0s
   6   3.13232768e-06 -6.92059612e-06  2.20e-10 7.86e-08  4.75e-07     0s
   7   9.08589291e-07 -1.36637716e-06  1.21e-10 3.97e-09  9.30e-08     0s
   8   3.27195904e-07 -3.64717105e-07  7.20e-10 8.83e-10  2.81e-08     0s

Barrier solved model in 8 iterations and 0.04 seconds
Optimal objective 3.27195904e-07

Optimize a model with 2 rows, 7 columns and 11 nonzeros
Model has 3 quadratic objective terms
Model has 2 quadratic constraints
Coefficient statistics:
  Matrix range     [1e-06, 1e+00]
  QMatrix range    [6e-09, 1e+00]
  Objective range  [0e+00, 0e+00]
  QObjective range [2e-12, 2e+00]
  Bounds range     [1e+00, 1e+00]
  RHS range        [3e-04, 1e+00]
Warning: Model contains large quadratic objective coefficient range
         Consider reformulating model or setting NumericFocus parameter
         to avoid numerical issues.
Presolve time: 0.01s
Presolved: 19 rows, 15 columns, 45 nonzeros
Presolved model has 3 second-order cone constraints
Ordering time: 0.00s

Barrier statistics:
 AA' NZ     : 1.420e+02
 Factor NZ  : 1.900e+02
 Factor Ops : 2.470e+03 (less than 1 second per iteration)
 Threads    : 1

                  Objective                Residual
Iter       Primal          Dual         Primal    Dual     Compl     Time
   0   0.00000000e+00  0.00000000e+00  1.65e+00 1.00e-01  9.28e-02     0s
   1   1.30794479e-02 -2.10113876e-01  1.72e-02 2.47e-03  9.69e-03     0s
   2   8.17672184e-04 -5.78051663e-03  1.87e-04 4.75e-05  2.68e-04     0s
   3   8.11195815e-05 -7.71715534e-04  2.06e-10 5.33e-06  3.42e-05     0s
   4   1.03690863e-05 -3.06694936e-05  7.01e-13 2.19e-07  1.64e-06     0s
   5   4.04623629e-06 -1.27302979e-05  2.98e-12 1.09e-07  7.38e-07     0s
   6   2.29895403e-06 -1.47403267e-06  1.54e-11 2.99e-08  1.96e-07     0s
   7   4.11700210e-07 -2.59072958e-07  7.09e-11 7.17e-09  4.53e-08     0s

Barrier solved model in 7 iterations and 0.03 seconds
Optimal objective 4.11700210e-07

Optimize a model with 2 rows, 7 columns and 11 nonzeros
Model has 3 quadratic objective terms
Model has 2 quadratic constraints
Coefficient statistics:
  Matrix range     [3e-07, 1e+00]
  QMatrix range    [6e-09, 1e+00]
  Objective range  [0e+00, 0e+00]
  QObjective range [2e-13, 2e+00]
  Bounds range     [1e+00, 1e+00]
  RHS range        [3e-04, 1e+00]
Warning: Model contains large quadratic objective coefficient range
         Consider reformulating model or setting NumericFocus parameter
         to avoid numerical issues.
Presolve time: 0.01s
Presolved: 19 rows, 15 columns, 45 nonzeros
Presolved model has 3 second-order cone constraints
Ordering time: 0.00s

Barrier statistics:
 AA' NZ     : 1.420e+02
 Factor NZ  : 1.900e+02
 Factor Ops : 2.470e+03 (less than 1 second per iteration)
 Threads    : 1

                  Objective                Residual
Iter       Primal          Dual         Primal    Dual     Compl     Time
   0   0.00000000e+00  0.00000000e+00  1.65e+00 1.00e-01  9.28e-02     0s
   1   1.30571460e-02 -2.10272331e-01  1.99e-02 2.37e-03  9.75e-03     0s
   2   7.85524409e-04 -5.52983679e-03  2.37e-04 4.00e-05  2.55e-04     0s
   3   1.77550123e-04 -5.75686233e-04  2.61e-10 3.88e-06  3.00e-05     0s
   4   9.98592884e-06 -4.79939150e-05  3.46e-11 1.98e-07  2.28e-06     0s
   5   8.51358048e-06 -3.28295339e-06  1.01e-12 3.61e-08  4.76e-07     0s
   6   2.34265553e-06 -1.12524163e-06  1.87e-11 2.19e-08  2.13e-07     0s
   7   9.58671429e-07 -2.64200636e-07  7.03e-10 1.20e-08  1.19e-07     0s

Barrier solved model in 7 iterations and 0.03 seconds
Optimal objective 9.58671429e-07

Optimize a model with 2 rows, 7 columns and 11 nonzeros
Model has 3 quadratic objective terms
Model has 2 quadratic constraints
Coefficient statistics:
  Matrix range     [3e-07, 1e+00]
  QMatrix range    [6e-09, 1e+00]
  Objective range  [0e+00, 0e+00]
  QObjective range [2e-13, 2e+00]
  Bounds range     [1e+00, 1e+00]
  RHS range        [3e-04, 1e+00]
Warning: Model contains large quadratic objective coefficient range
         Consider reformulating model or setting NumericFocus parameter
         to avoid numerical issues.
Optimize a model with 2 rows, 7 columns and 11 nonzeros
Model has 3 quadratic objective terms
Model has 2 quadratic constraints
Coefficient statistics:
  Matrix range     [3e-07, 1e+00]
  QMatrix range    [6e-09, 1e+00]
  Objective range  [0e+00, 0e+00]
  QObjective range [2e-13, 2e+00]
  Bounds range     [1e+00, 1e+00]
  RHS range        [3e-04, 1e+00]
Warning: Model contains large quadratic objective coefficient range
         Consider reformulating model or setting NumericFocus parameter
         to avoid numerical issues.
Optimize a model with 2 rows, 7 columns and 11 nonzeros
Model has 3 quadratic objective terms
Model has 2 quadratic constraints
Coefficient statistics:
  Matrix range     [3e-07, 1e+00]
  QMatrix range    [6e-09, 1e+00]
  Objective range  [0e+00, 0e+00]
  QObjective range [2e-13, 2e+00]
  Bounds range     [1e+00, 1e+00]
  RHS range        [3e-04, 1e+00]
Warning: Model contains large quadratic objective coefficient range
         Consider reformulating model or setting NumericFocus parameter
         to avoid numerical issues.
Presolve time: 0.01s
Presolved: 19 rows, 15 columns, 45 nonzeros
Presolved model has 3 second-order cone constraints
Ordering time: 0.00s

Barrier statistics:
 AA' NZ     : 1.420e+02
 Factor NZ  : 1.900e+02
 Factor Ops : 2.470e+03 (less than 1 second per iteration)
 Threads    : 1

                  Objective                Residual
Iter       Primal          Dual         Primal    Dual     Compl     Time
   0   0.00000000e+00  0.00000000e+00  1.65e+00 1.00e-01  9.28e-02     0s
   1   1.30571460e-02 -2.10272331e-01  1.99e-02 2.37e-03  9.75e-03     0s
   2   7.85524409e-04 -5.52983679e-03  2.37e-04 4.00e-05  2.55e-04     0s
   3   1.77550123e-04 -5.75686233e-04  2.61e-10 3.88e-06  3.00e-05     0s
   4   9.98592884e-06 -4.79939150e-05  3.46e-11 1.98e-07  2.28e-06     0s
   5   8.51358048e-06 -3.28295339e-06  1.01e-12 3.61e-08  4.76e-07     0s
   6   2.34265553e-06 -1.12524163e-06  1.87e-11 2.19e-08  2.13e-07     0s
   7   9.58671429e-07 -2.64200636e-07  7.03e-10 1.20e-08  1.19e-07     0s

Barrier solved model in 7 iterations and 0.03 seconds
Optimal objective 9.58671429e-07


Gurobi 7.0.2 (mac64, Python) logging started Sun Sep 23 16:39:17 2018


Gurobi 7.0.2 (mac64, Python) logging started Sun Sep 23 16:40:22 2018


Gurobi 7.0.2 (mac64, Python) logging started Sun Sep 23 16:42:52 2018


Gurobi 7.0.2 (mac64, Python) logging started Sun Sep 23 16:43:20 2018


Gurobi 7.0.2 (mac64, Python) logging started Sun Sep 23 17:00:57 2018


Gurobi 7.0.2 (mac64, Python) logging started Sun Sep 23 17:57:17 2018


Gurobi 7.0.2 (mac64, Python) logging started Sun Sep 23 18:00:42 2018


Gurobi 7.0.2 (mac64, Python) logging started Sun Sep 23 18:01:03 2018


Gurobi 7.0.2 (mac64, Python) logging started Sun Sep 23 18:01:42 2018


Gurobi 7.0.2 (mac64, Python) logging started Sun Sep 23 18:02:54 2018


Gurobi 7.0.2 (mac64, Python) logging started Sun Sep 23 18:03:22 2018


Gurobi 7.0.2 (mac64, Python) logging started Sun Sep 23 18:04:23 2018


Gurobi 7.0.2 (mac64, Python) logging started Sun Sep 23 18:04:50 2018


Gurobi 7.0.2 (mac64, Python) logging started Sun Sep 23 19:05:58 2018


Gurobi 7.0.2 (mac64, Python) logging started Sun Sep 23 19:09:01 2018

Optimize a model with 2 rows, 7 columns and 11 nonzeros
Model has 3 quadratic objective terms
Model has 2 quadratic constraints
Coefficient statistics:
  Matrix range     [3e-06, 1e+00]
  QMatrix range    [3e-09, 1e+00]
  Objective range  [0e+00, 0e+00]
  QObjective range [2e-10, 2e+00]
  Bounds range     [1e+00, 1e+00]
  RHS range        [3e-04, 1e+00]
Presolve time: 0.01s
Presolved: 19 rows, 15 columns, 46 nonzeros
Presolved model has 3 second-order cone constraints
Ordering time: 0.00s

Barrier statistics:
 Dense cols : 1
 AA' NZ     : 1.010e+02
 Factor NZ  : 2.100e+02
 Factor Ops : 2.870e+03 (less than 1 second per iteration)
 Threads    : 1

                  Objective                Residual
Iter       Primal          Dual         Primal    Dual     Compl     Time
   0   0.00000000e+00  0.00000000e+00  1.65e+00 1.00e-01  9.22e-02     0s
   1   1.24951559e-02 -1.89926815e-01  8.89e-02 5.36e-03  1.18e-02     0s
   2   9.00564633e-04 -1.86080769e-02  4.47e-04 2.28e-04  8.24e-04     0s
   3   4.12187388e-04 -2.13925749e-03  1.34e-05 2.01e-05  1.05e-04     0s
   4   1.36700031e-05 -8.62848167e-05  1.48e-11 2.87e-07  3.94e-06     0s
   5   7.08333319e-06 -7.31302713e-06  1.18e-12 4.53e-08  5.74e-07     0s
   6   1.02731192e-06 -1.73533892e-06  1.18e-12 9.28e-09  1.12e-07     0s
   7   2.56399551e-07 -1.14759140e-07  3.59e-11 1.72e-09  1.54e-08     0s

Barrier solved model in 7 iterations and 0.02 seconds
Optimal objective 2.56399551e-07


Gurobi 7.0.2 (mac64, Python) logging started Sun Sep 23 19:09:33 2018

Optimize a model with 2 rows, 7 columns and 11 nonzeros
Model has 3 quadratic objective terms
Model has 2 quadratic constraints
Coefficient statistics:
  Matrix range     [3e-06, 1e+00]
  QMatrix range    [3e-09, 1e+00]
  Objective range  [0e+00, 0e+00]
  QObjective range [2e-06, 2e+00]
  Bounds range     [1e+00, 1e+00]
  RHS range        [3e-04, 1e+00]
Presolve time: 0.01s
Presolved: 19 rows, 15 columns, 46 nonzeros
Presolved model has 3 second-order cone constraints
Ordering time: 0.00s

Barrier statistics:
 Dense cols : 1
 AA' NZ     : 1.010e+02
 Factor NZ  : 2.100e+02
 Factor Ops : 2.870e+03 (less than 1 second per iteration)
 Threads    : 1

                  Objective                Residual
Iter       Primal          Dual         Primal    Dual     Compl     Time
   0   0.00000000e+00  0.00000000e+00  1.65e+00 1.00e-01  9.29e-02     0s
   1   1.32910226e-02 -2.07718858e-01  1.82e-06 7.26e-03  1.06e-02     0s
   2   9.40643145e-04 -2.40483367e-03  2.00e-12 2.89e-05  1.37e-04     0s
   3   9.95546906e-05 -2.69205148e-04  1.31e-14 3.18e-11  1.42e-05     0s
   4   3.40907626e-06 -7.79748940e-06  1.91e-13 6.64e-13  4.31e-07     0s
   5   9.46229621e-07  1.87748718e-07  1.01e-11 5.44e-14  2.92e-08     0s

Barrier solved model in 5 iterations and 0.03 seconds
Optimal objective 9.46229621e-07

Optimize a model with 2 rows, 7 columns and 11 nonzeros
Model has 3 quadratic objective terms
Model has 2 quadratic constraints
Coefficient statistics:
  Matrix range     [3e-06, 1e+00]
  QMatrix range    [3e-09, 1e+00]
  Objective range  [0e+00, 0e+00]
  QObjective range [4e-06, 2e+00]
  Bounds range     [1e+00, 1e+00]
  RHS range        [3e-04, 1e+00]
Presolve time: 0.01s
Presolved: 19 rows, 15 columns, 46 nonzeros
Presolved model has 3 second-order cone constraints
Ordering time: 0.00s

Barrier statistics:
 Dense cols : 1
 AA' NZ     : 1.010e+02
 Factor NZ  : 2.100e+02
 Factor Ops : 2.870e+03 (less than 1 second per iteration)
 Threads    : 1

                  Objective                Residual
Iter       Primal          Dual         Primal    Dual     Compl     Time
   0   0.00000000e+00  0.00000000e+00  1.65e+00 1.00e-01  9.29e-02     0s
   1   1.32595808e-02 -2.19585287e-01  1.82e-06 1.91e-03  9.51e-03     0s
   2   8.72387372e-04 -2.19027406e-03  2.00e-12 5.36e-06  1.19e-04     0s
   3   6.24654208e-05 -2.72350692e-04  9.91e-14 2.49e-09  1.29e-05     0s
   4   1.32248787e-05 -2.29896499e-06  1.11e-13 1.42e-10  5.97e-07     0s
   5   2.11470547e-06  3.44570035e-07  9.11e-13 2.18e-11  6.81e-08     0s
   6   1.27814498e-06  1.10282531e-06  2.95e-11 1.89e-12  6.74e-09     0s

Barrier solved model in 6 iterations and 0.02 seconds
Optimal objective 1.27814498e-06


Gurobi 7.0.2 (mac64, Python) logging started Sun Sep 23 19:10:22 2018


Gurobi 7.0.2 (mac64, Python) logging started Sun Sep 23 19:10:35 2018

Parameter OutputFlag unchanged
   Value: 1  Min: 0  Max: 1  Default: 1
Changed value of parameter NumericFocus to 3
   Prev: 0  Min: 0  Max: 3  Default: 0
Optimize a model with 2 rows, 7 columns and 11 nonzeros
Model has 3 quadratic objective terms
Model has 2 quadratic constraints
Coefficient statistics:
  Matrix range     [3e-06, 1e+00]
  QMatrix range    [3e-09, 1e+00]
  Objective range  [0e+00, 0e+00]
  QObjective range [2e-06, 2e+00]
  Bounds range     [1e+00, 1e+00]
  RHS range        [3e-04, 1e+00]
Presolve time: 0.01s
Presolved: 19 rows, 15 columns, 46 nonzeros
Presolved model has 3 second-order cone constraints
Ordering time: 0.00s

Barrier statistics:
 Dense cols : 1
 AA' NZ     : 1.010e+02
 Factor NZ  : 2.100e+02
 Factor Ops : 2.870e+03 (less than 1 second per iteration)
 Threads    : 1

                  Objective                Residual
Iter       Primal          Dual         Primal    Dual     Compl     Time
   0   0.00000000e+00  5.00000000e-01  1.42e+03 1.00e+03  5.39e+05     0s
   1   4.87877117e+02 -4.47786258e+03  2.85e+02 2.01e+02  1.09e+05     0s
   2   8.43752030e+02 -5.67746852e+03  3.76e+01 2.91e+01  1.49e+04     0s
   3   8.25962912e+02 -5.60458775e+03  4.10e+00 3.21e+00  1.79e+03     0s
   4   5.63733838e+02 -3.86922228e+03  4.47e-01 3.49e-01  3.03e+02     0s
   5   8.74785545e+01 -9.49607971e+02  4.87e-02 3.81e-02  4.64e+01     0s
   6   1.08740355e+01 -1.33788981e+02  6.66e-03 4.66e-03  5.89e+00     0s
   7   2.39973985e+00 -1.76145850e+01  7.26e-04 5.83e-04  7.90e-01     0s
   8   4.18523123e-01 -2.10292526e+00  7.91e-05 6.51e-05  9.82e-02     0s
   9   7.11558681e-02 -3.28806476e-01  1.64e-05 9.55e-06  1.55e-02     0s
  10   1.49308764e-02 -6.16788172e-02  3.95e-06 1.71e-06  2.96e-03     0s
  11   3.78820509e-03 -1.41399288e-02  1.02e-06 3.84e-07  6.91e-04     0s
  12   1.10053999e-03 -3.85336284e-03  2.78e-07 1.05e-07  1.91e-04     0s
  13   3.51643407e-04 -1.17974808e-03  7.99e-08 3.23e-08  5.89e-05     0s
  14   1.04391659e-04 -2.15778096e-04  8.71e-09 3.90e-09  1.23e-05     0s
  15   6.53321499e-05 -1.28320456e-04  4.79e-09 2.21e-09  7.45e-06     0s
  16   4.02172855e-05 -7.44908171e-05  2.63e-09 1.26e-09  4.41e-06     0s
  17   7.52339200e-06 -1.18774242e-05  4.49e-10 2.10e-10  7.46e-07     0s
  18   1.84222343e-06 -2.20134255e-06  9.41e-11 4.31e-11  1.56e-07     0s
  19   1.16986455e-06 -4.32145976e-08  4.21e-11 9.56e-12  4.67e-08     0s

Barrier solved model in 19 iterations and 0.04 seconds
Optimal objective 1.16986455e-06

Parameter OutputFlag unchanged
   Value: 1  Min: 0  Max: 1  Default: 1
Changed value of parameter NumericFocus to 3
   Prev: 0  Min: 0  Max: 3  Default: 0
Optimize a model with 2 rows, 7 columns and 11 nonzeros
Model has 3 quadratic objective terms
Model has 2 quadratic constraints
Coefficient statistics:
  Matrix range     [3e-06, 1e+00]
  QMatrix range    [3e-09, 1e+00]
  Objective range  [0e+00, 0e+00]
  QObjective range [4e-06, 2e+00]
  Bounds range     [1e+00, 1e+00]
  RHS range        [3e-04, 1e+00]
Presolve time: 0.01s
Presolved: 19 rows, 15 columns, 46 nonzeros
Presolved model has 3 second-order cone constraints
Ordering time: 0.00s

Barrier statistics:
 Dense cols : 1
 AA' NZ     : 1.010e+02
 Factor NZ  : 2.100e+02
 Factor Ops : 2.870e+03 (less than 1 second per iteration)
 Threads    : 1

                  Objective                Residual
Iter       Primal          Dual         Primal    Dual     Compl     Time
   0   0.00000000e+00  5.00000000e-01  1.42e+03 1.00e+03  5.39e+05     0s
   1   4.87884067e+02 -4.48123816e+03  2.85e+02 2.01e+02  1.09e+05     0s
   2   8.44478348e+02 -5.69576042e+03  3.77e+01 2.66e+01  1.46e+04     0s
   3   8.49653481e+02 -5.59806168e+03  4.11e+00 2.90e+00  1.75e+03     0s
   4   5.49893571e+02 -3.88145711e+03  4.48e-01 3.16e-01  2.99e+02     0s
   5   8.98744588e+01 -9.45946469e+02  4.88e-02 3.45e-02  4.60e+01     0s
   6   1.13257638e+01 -1.57376883e+02  6.81e-03 5.57e-03  6.85e+00     0s
   7   1.80713889e+00 -2.09442874e+01  7.42e-04 7.26e-04  8.99e-01     0s
   8   3.72189634e-01 -2.39982853e+00  8.09e-05 7.92e-05  1.08e-01     0s
   9   6.83475138e-02 -2.93462663e-01  8.82e-06 8.65e-06  1.40e-02     0s
  10   1.89579656e-02 -7.20696936e-02  1.91e-06 1.88e-06  3.51e-03     0s
  11   1.10876359e-02 -4.16252506e-02  1.10e-06 1.09e-06  2.03e-03     0s
  12   6.46150969e-03 -2.39670290e-02  6.28e-07 6.32e-07  1.17e-03     0s
  13   3.75384141e-03 -1.37571442e-02  3.58e-07 3.64e-07  6.74e-04     0s
  14   2.17519552e-03 -7.87228044e-03  2.04e-07 2.09e-07  3.87e-04     0s
  15   1.25798452e-03 -4.49085847e-03  1.15e-07 1.20e-07  2.21e-04     0s
  16   7.26660250e-04 -2.55388332e-03  6.53e-08 6.86e-08  1.26e-04     0s
  17   4.19619718e-04 -1.44772589e-03  3.69e-08 3.91e-08  7.18e-05     0s
  18   2.42503467e-04 -8.17981678e-04  2.08e-08 2.23e-08  4.08e-05     0s
  19   1.40707282e-04 -4.67092142e-04  1.14e-08 1.25e-08  2.34e-05     0s
  20   8.24709511e-05 -2.67065947e-04  6.28e-09 6.99e-09  1.34e-05     0s
  21   4.80745785e-05 -1.52788124e-04  3.45e-09 3.92e-09  7.73e-06     0s
  22   2.81076644e-05 -8.76679595e-05  1.94e-09 2.28e-09  4.45e-06     0s
  23   1.87296301e-05 -5.03383772e-05  1.25e-09 1.32e-09  2.66e-06     0s
  24   1.41026658e-05 -2.88349747e-05  9.21e-10 7.67e-10  1.65e-06     0s
  25   1.10733682e-05 -1.62506167e-05  6.88e-10 4.32e-10  1.05e-06     0s
  26   7.13699065e-06 -8.97275405e-06  3.94e-10 2.54e-10  6.20e-07     0s
  27   4.96677866e-06 -4.74815216e-06  2.43e-10 1.49e-10  3.74e-07     0s
  28   3.82375489e-06 -2.65018685e-06  1.70e-10 9.61e-11  2.49e-07     0s
  29   3.08197602e-06 -1.42484820e-06  1.24e-10 6.48e-11  1.73e-07     0s
  30   1.75485001e-06  7.75282729e-07  3.69e-11 7.44e-12  3.77e-08     0s

Barrier solved model in 30 iterations and 0.05 seconds
Optimal objective 1.75485001e-06


Gurobi 7.0.2 (mac64, Python) logging started Sun Sep 23 19:10:49 2018


Gurobi 7.0.2 (mac64, Python) logging started Sun Sep 23 21:24:28 2018


Gurobi 7.0.2 (mac64, Python) logging started Sun Sep 23 21:28:37 2018


Gurobi 7.0.2 (mac64, Python) logging started Sun Sep 23 21:44:11 2018


Gurobi 7.0.2 (mac64, Python) logging started Sun Sep 23 22:03:45 2018


Gurobi 7.0.2 (mac64, Python) logging started Sun Sep 23 22:03:56 2018


Gurobi 7.0.2 (mac64, Python) logging started Sun Sep 23 22:05:58 2018


Gurobi 7.0.2 (mac64, Python) logging started Sun Sep 23 22:08:57 2018


Gurobi 7.0.2 (mac64, Python) logging started Sun Sep 23 22:09:10 2018


Gurobi 7.0.2 (mac64, Python) logging started Sun Sep 23 22:13:27 2018


Gurobi 7.0.2 (mac64, Python) logging started Sun Sep 23 22:14:50 2018


Gurobi 7.0.2 (mac64, Python) logging started Sun Sep 23 22:15:06 2018


Gurobi 7.0.2 (mac64, Python) logging started Sun Sep 23 22:15:32 2018


Gurobi 7.0.2 (mac64, Python) logging started Sun Sep 23 23:42:50 2018


Gurobi 7.0.2 (mac64, Python) logging started Sun Sep 23 23:47:07 2018


Gurobi 7.0.2 (mac64, Python) logging started Sun Sep 23 23:58:30 2018


Gurobi 7.0.2 (mac64, Python) logging started Sun Sep 23 23:58:52 2018


Gurobi 7.0.2 (mac64, Python) logging started Mon Sep 24 00:00:04 2018


Gurobi 7.0.2 (mac64, Python) logging started Mon Sep 24 16:17:20 2018


Gurobi 7.0.2 (mac64, Python) logging started Mon Sep 24 16:18:21 2018


Gurobi 7.0.2 (mac64, Python) logging started Mon Sep 24 16:46:23 2018


Gurobi 7.0.2 (mac64, Python) logging started Mon Sep 24 17:39:16 2018


Gurobi 7.0.2 (mac64, Python) logging started Mon Sep 24 17:50:12 2018


Gurobi 8.0.1 (mac64, Python) logging started Tue Oct  2 14:49:13 2018

Academic license - for non-commercial use only

Gurobi 8.0.1 (mac64, Python) logging started Tue Oct  2 15:15:13 2018

Academic license - for non-commercial use only
